<?xml version="1.0" encoding="UTF-8"?>
<testsuite name="sample.profile.SampleProfileApplicationTests" tests="4" skipped="0" failures="0" errors="0" timestamp="2017-05-26T10:12:22" hostname="Tony-PC" time="5.79">
  <properties/>
  <testcase name="testGenericProfile" classname="sample.profile.SampleProfileApplicationTests" time="3.825"/>
  <testcase name="testDefaultProfile" classname="sample.profile.SampleProfileApplicationTests" time="0.545"/>
  <testcase name="testGoodbyeProfile" classname="sample.profile.SampleProfileApplicationTests" time="0.686"/>
  <testcase name="testGoodbyeProfileFromCommandline" classname="sample.profile.SampleProfileApplicationTests" time="0.733"/>
  <system-out><![CDATA[
  .   ____          _            __ _ _
 /\\ / ___'_ __ _ _(_)_ __  __ _ \ \ \ \
( ( )\___ | '_ | '_| | '_ \/ _` | \ \ \ \
 \\/  ___)| |_)| | | | | || (_| |  ) ) ) )
  '  |____| .__|_| |_|_| |_\__, | / / / /
 =========|_|==============|___/=/_/_/_/
 :: Spring Boot ::        (v1.5.3.RELEASE)

2017-05-26 18:12:23.973  INFO 16872 --- [    Test worker] sample.profile.SampleProfileApplication  : Starting SampleProfileApplication on Tony-PC with PID 16872 (started by Tony in D:\eclipse-neon\workspace\spring-boot-samples\spring-boot-sample-profile)
2017-05-26 18:12:23.977  INFO 16872 --- [    Test worker] sample.profile.SampleProfileApplication  : The following profiles are active: generic
2017-05-26 18:12:24.103  INFO 16872 --- [    Test worker] s.c.a.AnnotationConfigApplicationContext : Refreshing org.springframework.context.annotation.AnnotationConfigApplicationContext@60c4f029: startup date [Fri May 26 18:12:24 CST 2017]; root of context hierarchy
2017-05-26 18:12:26.180  INFO 16872 --- [    Test worker] o.s.j.e.a.AnnotationMBeanExporter        : Registering beans for JMX exposure on startup
Bonjour Phil
2017-05-26 18:12:26.209  INFO 16872 --- [    Test worker] sample.profile.SampleProfileApplication  : Started SampleProfileApplication in 3.276 seconds (JVM running for 5.558)

  .   ____          _            __ _ _
 /\\ / ___'_ __ _ _(_)_ __  __ _ \ \ \ \
( ( )\___ | '_ | '_| | '_ \/ _` | \ \ \ \
 \\/  ___)| |_)| | | | | || (_| |  ) ) ) )
  '  |____| .__|_| |_|_| |_\__, | / / / /
 =========|_|==============|___/=/_/_/_/
 :: Spring Boot ::        (v1.5.3.RELEASE)

2017-05-26 18:12:26.427  INFO 16872 --- [    Test worker] sample.profile.SampleProfileApplication  : Starting SampleProfileApplication on Tony-PC with PID 16872 (started by Tony in D:\eclipse-neon\workspace\spring-boot-samples\spring-boot-sample-profile)
2017-05-26 18:12:26.427  INFO 16872 --- [    Test worker] sample.profile.SampleProfileApplication  : No active profile set, falling back to default profiles: default
2017-05-26 18:12:26.430  INFO 16872 --- [    Test worker] s.c.a.AnnotationConfigApplicationContext : Refreshing org.springframework.context.annotation.AnnotationConfigApplicationContext@57a2080b: startup date [Fri May 26 18:12:26 CST 2017]; root of context hierarchy
2017-05-26 18:12:26.825  INFO 16872 --- [    Test worker] o.s.j.e.a.AnnotationMBeanExporter        : Registering beans for JMX exposure on startup
Hello Phil
2017-05-26 18:12:26.832  INFO 16872 --- [    Test worker] sample.profile.SampleProfileApplication  : Started SampleProfileApplication in 0.536 seconds (JVM running for 6.18)

  .   ____          _            __ _ _
 /\\ / ___'_ __ _ _(_)_ __  __ _ \ \ \ \
( ( )\___ | '_ | '_| | '_ \/ _` | \ \ \ \
 \\/  ___)| |_)| | | | | || (_| |  ) ) ) )
  '  |____| .__|_| |_|_| |_\__, | / / / /
 =========|_|==============|___/=/_/_/_/
 :: Spring Boot ::        (v1.5.3.RELEASE)

2017-05-26 18:12:26.928  INFO 16872 --- [    Test worker] sample.profile.SampleProfileApplication  : Starting SampleProfileApplication on Tony-PC with PID 16872 (started by Tony in D:\eclipse-neon\workspace\spring-boot-samples\spring-boot-sample-profile)
2017-05-26 18:12:26.929  INFO 16872 --- [    Test worker] sample.profile.SampleProfileApplication  : The following profiles are active: goodbye
2017-05-26 18:12:26.933  INFO 16872 --- [    Test worker] s.c.a.AnnotationConfigApplicationContext : Refreshing org.springframework.context.annotation.AnnotationConfigApplicationContext@f049744: startup date [Fri May 26 18:12:26 CST 2017]; root of context hierarchy
2017-05-26 18:12:27.508  INFO 16872 --- [    Test worker] o.s.j.e.a.AnnotationMBeanExporter        : Registering beans for JMX exposure on startup
Goodbye Everyone
2017-05-26 18:12:27.518  INFO 16872 --- [    Test worker] sample.profile.SampleProfileApplication  : Started SampleProfileApplication in 0.676 seconds (JVM running for 6.866)

  .   ____          _            __ _ _
 /\\ / ___'_ __ _ _(_)_ __  __ _ \ \ \ \
( ( )\___ | '_ | '_| | '_ \/ _` | \ \ \ \
 \\/  ___)| |_)| | | | | || (_| |  ) ) ) )
  '  |____| .__|_| |_|_| |_\__, | / / / /
 =========|_|==============|___/=/_/_/_/
 :: Spring Boot ::        (v1.5.3.RELEASE)

2017-05-26 18:12:27.589  INFO 16872 --- [    Test worker] sample.profile.SampleProfileApplication  : Starting SampleProfileApplication on Tony-PC with PID 16872 (started by Tony in D:\eclipse-neon\workspace\spring-boot-samples\spring-boot-sample-profile)
2017-05-26 18:12:27.589  INFO 16872 --- [    Test worker] sample.profile.SampleProfileApplication  : The following profiles are active: goodbye
2017-05-26 18:12:27.595  INFO 16872 --- [    Test worker] s.c.a.AnnotationConfigApplicationContext : Refreshing org.springframework.context.annotation.AnnotationConfigApplicationContext@cc37452: startup date [Fri May 26 18:12:27 CST 2017]; root of context hierarchy
2017-05-26 18:12:28.238  INFO 16872 --- [    Test worker] o.s.j.e.a.AnnotationMBeanExporter        : Registering beans for JMX exposure on startup
Goodbye Everyone
2017-05-26 18:12:28.251  INFO 16872 --- [    Test worker] sample.profile.SampleProfileApplication  : Started SampleProfileApplication in 0.72 seconds (JVM running for 7.6)
]]></system-out>
  <system-err><![CDATA[]]></system-err>
</testsuite>
