<?xml version="1.0" encoding="UTF-8"?>
<testsuite name="sample.actuator.ServletPathInsecureSampleActuatorApplicationTests" tests="2" skipped="0" failures="0" errors="0" timestamp="2017-05-26T10:13:14" hostname="Tony-PC" time="0.051">
  <properties/>
  <testcase name="testHome" classname="sample.actuator.ServletPathInsecureSampleActuatorApplicationTests" time="0.037"/>
  <testcase name="testMetricsIsSecure" classname="sample.actuator.ServletPathInsecureSampleActuatorApplicationTests" time="0.014"/>
  <system-out><![CDATA[2017-05-26 18:13:12.632  INFO 16528 --- [    Test worker] .b.t.c.SpringBootTestContextBootstrapper : Neither @ContextConfiguration nor @ContextHierarchy found for test class [sample.actuator.ServletPathInsecureSampleActuatorApplicationTests], using SpringBootContextLoader
2017-05-26 18:13:12.633  INFO 16528 --- [    Test worker] o.s.t.c.support.AbstractContextLoader    : Could not detect default resource locations for test class [sample.actuator.ServletPathInsecureSampleActuatorApplicationTests]: no resource found for suffixes {-context.xml, Context.groovy}.
2017-05-26 18:13:12.633  INFO 16528 --- [    Test worker] t.c.s.AnnotationConfigContextLoaderUtils : Could not detect default configuration classes for test class [sample.actuator.ServletPathInsecureSampleActuatorApplicationTests]: ServletPathInsecureSampleActuatorApplicationTests does not declare any static, non-private, non-final, nested classes annotated with @Configuration.
2017-05-26 18:13:12.636  INFO 16528 --- [    Test worker] .b.t.c.SpringBootTestContextBootstrapper : Found @SpringBootConfiguration sample.actuator.SampleActuatorApplication for test class sample.actuator.ServletPathInsecureSampleActuatorApplicationTests
2017-05-26 18:13:12.638  INFO 16528 --- [    Test worker] .b.t.c.SpringBootTestContextBootstrapper : Loaded default TestExecutionListener class names from location [META-INF/spring.factories]: [org.springframework.boot.test.mock.mockito.MockitoTestExecutionListener, org.springframework.boot.test.mock.mockito.ResetMocksTestExecutionListener, org.springframework.boot.test.autoconfigure.restdocs.RestDocsTestExecutionListener, org.springframework.boot.test.autoconfigure.web.client.MockRestServiceServerResetTestExecutionListener, org.springframework.boot.test.autoconfigure.web.servlet.MockMvcPrintOnlyOnFailureTestExecutionListener, org.springframework.boot.test.autoconfigure.web.servlet.WebDriverTestExecutionListener, org.springframework.test.context.web.ServletTestExecutionListener, org.springframework.test.context.support.DirtiesContextBeforeModesTestExecutionListener, org.springframework.test.context.support.DependencyInjectionTestExecutionListener, org.springframework.test.context.support.DirtiesContextTestExecutionListener, org.springframework.test.context.transaction.TransactionalTestExecutionListener, org.springframework.test.context.jdbc.SqlScriptsTestExecutionListener]
2017-05-26 18:13:12.641  INFO 16528 --- [    Test worker] .b.t.c.SpringBootTestContextBootstrapper : Using TestExecutionListeners: [org.springframework.test.context.web.ServletTestExecutionListener@7ebcd6ad, org.springframework.test.context.support.DirtiesContextBeforeModesTestExecutionListener@587110ca, org.springframework.boot.test.autoconfigure.SpringBootDependencyInjectionTestExecutionListener@3a1b46fc, org.springframework.test.context.support.DirtiesContextTestExecutionListener@4e77b55a, org.springframework.test.context.transaction.TransactionalTestExecutionListener@56e60b87, org.springframework.test.context.jdbc.SqlScriptsTestExecutionListener@6c1a6d1, org.springframework.boot.test.autoconfigure.web.client.MockRestServiceServerResetTestExecutionListener@660d2c53, org.springframework.boot.test.autoconfigure.web.servlet.WebDriverTestExecutionListener@152388ad, org.springframework.boot.test.mock.mockito.ResetMocksTestExecutionListener@737f03bd, org.springframework.boot.test.mock.mockito.MockitoTestExecutionListener@7883c42d, org.springframework.boot.test.autoconfigure.restdocs.RestDocsTestExecutionListener@776300da, org.springframework.boot.test.autoconfigure.web.servlet.MockMvcPrintOnlyOnFailureTestExecutionListener@7e0c887b]

  .   ____          _            __ _ _
 /\\ / ___'_ __ _ _(_)_ __  __ _ \ \ \ \
( ( )\___ | '_ | '_| | '_ \/ _` | \ \ \ \
 \\/  ___)| |_)| | | | | || (_| |  ) ) ) )
  '  |____| .__|_| |_|_| |_\__, | / / / /
 =========|_|==============|___/=/_/_/_/
 :: Spring Boot ::        (v1.5.3.RELEASE)

2017-05-26 18:13:12.698  INFO 16528 --- [    Test worker] thInsecureSampleActuatorApplicationTests : Starting ServletPathInsecureSampleActuatorApplicationTests on Tony-PC with PID 16528 (started by Tony in D:\eclipse-neon\workspace\spring-boot-samples\spring-boot-sample-actuator)
2017-05-26 18:13:12.698  INFO 16528 --- [    Test worker] thInsecureSampleActuatorApplicationTests : No active profile set, falling back to default profiles: default
2017-05-26 18:13:12.700  INFO 16528 --- [    Test worker] ationConfigEmbeddedWebApplicationContext : Refreshing org.springframework.boot.context.embedded.AnnotationConfigEmbeddedWebApplicationContext@c8a5077: startup date [Fri May 26 18:13:12 CST 2017]; root of context hierarchy
2017-05-26 18:13:13.251  INFO 16528 --- [    Test worker] s.b.c.e.t.TomcatEmbeddedServletContainer : Tomcat initialized with port(s): 0 (http)
2017-05-26 18:13:13.252  INFO 16528 --- [    Test worker] o.apache.catalina.core.StandardService   : Starting service Tomcat
2017-05-26 18:13:13.252  INFO 16528 --- [    Test worker] org.apache.catalina.core.StandardEngine  : Starting Servlet Engine: Apache Tomcat/8.5.14
2017-05-26 18:13:13.262  INFO 16528 --- [ost-startStop-1] o.a.c.c.C.[Tomcat].[localhost].[/]       : Initializing Spring embedded WebApplicationContext
2017-05-26 18:13:13.263  INFO 16528 --- [ost-startStop-1] o.s.web.context.ContextLoader            : Root WebApplicationContext: initialization completed in 563 ms
2017-05-26 18:13:13.477  INFO 16528 --- [ost-startStop-1] o.s.b.w.servlet.FilterRegistrationBean   : Mapping filter: 'metricsFilter' to: [/*]
2017-05-26 18:13:13.477  INFO 16528 --- [ost-startStop-1] o.s.b.w.servlet.FilterRegistrationBean   : Mapping filter: 'characterEncodingFilter' to: [/*]
2017-05-26 18:13:13.477  INFO 16528 --- [ost-startStop-1] o.s.b.w.servlet.FilterRegistrationBean   : Mapping filter: 'hiddenHttpMethodFilter' to: [/*]
2017-05-26 18:13:13.477  INFO 16528 --- [ost-startStop-1] o.s.b.w.servlet.FilterRegistrationBean   : Mapping filter: 'httpPutFormContentFilter' to: [/*]
2017-05-26 18:13:13.477  INFO 16528 --- [ost-startStop-1] o.s.b.w.servlet.FilterRegistrationBean   : Mapping filter: 'requestContextFilter' to: [/*]
2017-05-26 18:13:13.478  INFO 16528 --- [ost-startStop-1] .s.DelegatingFilterProxyRegistrationBean : Mapping filter: 'springSecurityFilterChain' to: [/*]
2017-05-26 18:13:13.478  INFO 16528 --- [ost-startStop-1] o.s.b.w.servlet.FilterRegistrationBean   : Mapping filter: 'webRequestLoggingFilter' to: [/*]
2017-05-26 18:13:13.478  INFO 16528 --- [ost-startStop-1] o.s.b.w.servlet.FilterRegistrationBean   : Mapping filter: 'applicationContextIdFilter' to: [/*]
2017-05-26 18:13:13.484  INFO 16528 --- [ost-startStop-1] o.s.b.w.servlet.ServletRegistrationBean  : Mapping servlet: 'dispatcherServlet' to [/spring/*]
2017-05-26 18:13:13.731  INFO 16528 --- [    Test worker] s.w.s.m.m.a.RequestMappingHandlerAdapter : Looking for @ControllerAdvice: org.springframework.boot.context.embedded.AnnotationConfigEmbeddedWebApplicationContext@c8a5077: startup date [Fri May 26 18:13:12 CST 2017]; root of context hierarchy
2017-05-26 18:13:13.750  INFO 16528 --- [    Test worker] s.w.s.m.m.a.RequestMappingHandlerMapping : Mapped "{[/],methods=[POST]}" onto public java.util.Map<java.lang.String, java.lang.Object> sample.actuator.SampleController.olleh(sample.actuator.SampleController$Message)
2017-05-26 18:13:13.750  INFO 16528 --- [    Test worker] s.w.s.m.m.a.RequestMappingHandlerMapping : Mapped "{[/foo]}" onto public java.lang.String sample.actuator.SampleController.foo()
2017-05-26 18:13:13.750  INFO 16528 --- [    Test worker] s.w.s.m.m.a.RequestMappingHandlerMapping : Mapped "{[/],methods=[GET]}" onto public java.util.Map<java.lang.String, java.lang.String> sample.actuator.SampleController.hello()
2017-05-26 18:13:13.751  INFO 16528 --- [    Test worker] s.w.s.m.m.a.RequestMappingHandlerMapping : Mapped "{[/error]}" onto public org.springframework.http.ResponseEntity<java.util.Map<java.lang.String, java.lang.Object>> org.springframework.boot.autoconfigure.web.BasicErrorController.error(javax.servlet.http.HttpServletRequest)
2017-05-26 18:13:13.751  INFO 16528 --- [    Test worker] s.w.s.m.m.a.RequestMappingHandlerMapping : Mapped "{[/error],produces=[text/html]}" onto public org.springframework.web.servlet.ModelAndView org.springframework.boot.autoconfigure.web.BasicErrorController.errorHtml(javax.servlet.http.HttpServletRequest,javax.servlet.http.HttpServletResponse)
2017-05-26 18:13:13.775  INFO 16528 --- [    Test worker] o.s.w.s.handler.SimpleUrlHandlerMapping  : Mapped URL path [/webjars/**] onto handler of type [class org.springframework.web.servlet.resource.ResourceHttpRequestHandler]
2017-05-26 18:13:13.775  INFO 16528 --- [    Test worker] o.s.w.s.handler.SimpleUrlHandlerMapping  : Mapped URL path [/**] onto handler of type [class org.springframework.web.servlet.resource.ResourceHttpRequestHandler]
2017-05-26 18:13:13.804  INFO 16528 --- [    Test worker] o.s.w.s.handler.SimpleUrlHandlerMapping  : Mapped URL path [/**/favicon.ico] onto handler of type [class org.springframework.web.servlet.resource.ResourceHttpRequestHandler]
2017-05-26 18:13:13.925  INFO 16528 --- [    Test worker] b.a.s.AuthenticationManagerConfiguration : 

Using default security password: b49a307c-8e6a-4d23-a1a0-96482efd4bf7

2017-05-26 18:13:13.938  INFO 16528 --- [    Test worker] o.s.s.web.DefaultSecurityFilterChain     : Creating filter chain: OrRequestMatcher [requestMatchers=[Ant [pattern='/spring/css/**'], Ant [pattern='/spring/js/**'], Ant [pattern='/spring/images/**'], Ant [pattern='/spring/webjars/**'], Ant [pattern='/spring/**/favicon.ico'], Ant [pattern='/spring/error']]], []
2017-05-26 18:13:14.006  INFO 16528 --- [    Test worker] o.s.s.web.DefaultSecurityFilterChain     : Creating filter chain: org.springframework.boot.actuate.autoconfigure.ManagementWebSecurityAutoConfiguration$LazyEndpointPathRequestMatcher@3447db40, [org.springframework.security.web.context.request.async.WebAsyncManagerIntegrationFilter@53cbe955, org.springframework.security.web.context.SecurityContextPersistenceFilter@5a0a2011, org.springframework.security.web.header.HeaderWriterFilter@40230c1d, org.springframework.security.web.authentication.logout.LogoutFilter@9a0ad07, org.springframework.security.web.authentication.www.BasicAuthenticationFilter@63940cbc, org.springframework.security.web.savedrequest.RequestCacheAwareFilter@216477c6, org.springframework.security.web.servletapi.SecurityContextHolderAwareRequestFilter@797fd413, org.springframework.security.web.authentication.AnonymousAuthenticationFilter@4992179c, org.springframework.security.web.session.SessionManagementFilter@76e0c9e2, org.springframework.security.web.access.ExceptionTranslationFilter@269bb1df, org.springframework.security.web.access.intercept.FilterSecurityInterceptor@42bb1f17]
2017-05-26 18:13:14.013  INFO 16528 --- [    Test worker] o.s.s.web.DefaultSecurityFilterChain     : Creating filter chain: org.springframework.boot.autoconfigure.security.SpringBootWebSecurityConfiguration$ApplicationNoWebSecurityConfigurerAdapter$1@41b2b87b, [org.springframework.security.web.context.request.async.WebAsyncManagerIntegrationFilter@458f48c0, org.springframework.security.web.context.SecurityContextPersistenceFilter@2835825, org.springframework.security.web.header.HeaderWriterFilter@6554cb79, org.springframework.security.web.csrf.CsrfFilter@554d5ccf, org.springframework.security.web.authentication.logout.LogoutFilter@59689103, org.springframework.security.web.savedrequest.RequestCacheAwareFilter@1933a14c, org.springframework.security.web.servletapi.SecurityContextHolderAwareRequestFilter@5affbe10, org.springframework.security.web.authentication.AnonymousAuthenticationFilter@6227715f, org.springframework.security.web.session.SessionManagementFilter@3d97d07c, org.springframework.security.web.access.ExceptionTranslationFilter@5f789a7b]
2017-05-26 18:13:14.283  INFO 16528 --- [    Test worker] o.s.b.a.e.mvc.EndpointHandlerMapping     : Mapped "{[/metrics/{name:.*}],methods=[GET],produces=[application/vnd.spring-boot.actuator.v1+json || application/json]}" onto public java.lang.Object org.springframework.boot.actuate.endpoint.mvc.MetricsMvcEndpoint.value(java.lang.String)
2017-05-26 18:13:14.288  INFO 16528 --- [    Test worker] o.s.b.a.e.mvc.EndpointHandlerMapping     : Mapped "{[/metrics || /metrics.json],methods=[GET],produces=[application/vnd.spring-boot.actuator.v1+json || application/json]}" onto public java.lang.Object org.springframework.boot.actuate.endpoint.mvc.EndpointMvcAdapter.invoke()
2017-05-26 18:13:14.293  INFO 16528 --- [    Test worker] o.s.b.a.e.mvc.EndpointHandlerMapping     : Mapped "{[/trace || /trace.json],methods=[GET],produces=[application/vnd.spring-boot.actuator.v1+json || application/json]}" onto public java.lang.Object org.springframework.boot.actuate.endpoint.mvc.EndpointMvcAdapter.invoke()
2017-05-26 18:13:14.294  INFO 16528 --- [    Test worker] o.s.b.a.e.mvc.EndpointHandlerMapping     : Mapped "{[/info || /info.json],methods=[GET],produces=[application/vnd.spring-boot.actuator.v1+json || application/json]}" onto public java.lang.Object org.springframework.boot.actuate.endpoint.mvc.EndpointMvcAdapter.invoke()
2017-05-26 18:13:14.294  INFO 16528 --- [    Test worker] o.s.b.a.e.mvc.EndpointHandlerMapping     : Mapped "{[/dump || /dump.json],methods=[GET],produces=[application/vnd.spring-boot.actuator.v1+json || application/json]}" onto public java.lang.Object org.springframework.boot.actuate.endpoint.mvc.EndpointMvcAdapter.invoke()
2017-05-26 18:13:14.295  INFO 16528 --- [    Test worker] o.s.b.a.e.mvc.EndpointHandlerMapping     : Mapped "{[/configprops || /configprops.json],methods=[GET],produces=[application/vnd.spring-boot.actuator.v1+json || application/json]}" onto public java.lang.Object org.springframework.boot.actuate.endpoint.mvc.EndpointMvcAdapter.invoke()
2017-05-26 18:13:14.295  INFO 16528 --- [    Test worker] o.s.b.a.e.mvc.EndpointHandlerMapping     : Mapped "{[/heapdump || /heapdump.json],methods=[GET],produces=[application/octet-stream]}" onto public void org.springframework.boot.actuate.endpoint.mvc.HeapdumpMvcEndpoint.invoke(boolean,javax.servlet.http.HttpServletRequest,javax.servlet.http.HttpServletResponse) throws java.io.IOException,javax.servlet.ServletException
2017-05-26 18:13:14.296  INFO 16528 --- [    Test worker] o.s.b.a.e.mvc.EndpointHandlerMapping     : Mapped "{[/shutdown || /shutdown.json],methods=[POST],produces=[application/vnd.spring-boot.actuator.v1+json || application/json]}" onto public java.lang.Object org.springframework.boot.actuate.endpoint.mvc.ShutdownMvcEndpoint.invoke()
2017-05-26 18:13:14.296  INFO 16528 --- [    Test worker] o.s.b.a.e.mvc.EndpointHandlerMapping     : Mapped "{[/beans || /beans.json],methods=[GET],produces=[application/vnd.spring-boot.actuator.v1+json || application/json]}" onto public java.lang.Object org.springframework.boot.actuate.endpoint.mvc.EndpointMvcAdapter.invoke()
2017-05-26 18:13:14.297  INFO 16528 --- [    Test worker] o.s.b.a.e.mvc.EndpointHandlerMapping     : Mapped "{[/loggers/{name:.*}],methods=[GET],produces=[application/vnd.spring-boot.actuator.v1+json || application/json]}" onto public java.lang.Object org.springframework.boot.actuate.endpoint.mvc.LoggersMvcEndpoint.get(java.lang.String)
2017-05-26 18:13:14.302  INFO 16528 --- [    Test worker] o.s.b.a.e.mvc.EndpointHandlerMapping     : Mapped "{[/loggers/{name:.*}],methods=[POST],consumes=[application/vnd.spring-boot.actuator.v1+json || application/json],produces=[application/vnd.spring-boot.actuator.v1+json || application/json]}" onto public java.lang.Object org.springframework.boot.actuate.endpoint.mvc.LoggersMvcEndpoint.set(java.lang.String,java.util.Map<java.lang.String, java.lang.String>)
2017-05-26 18:13:14.302  INFO 16528 --- [    Test worker] o.s.b.a.e.mvc.EndpointHandlerMapping     : Mapped "{[/loggers || /loggers.json],methods=[GET],produces=[application/vnd.spring-boot.actuator.v1+json || application/json]}" onto public java.lang.Object org.springframework.boot.actuate.endpoint.mvc.EndpointMvcAdapter.invoke()
2017-05-26 18:13:14.302  INFO 16528 --- [    Test worker] o.s.b.a.e.mvc.EndpointHandlerMapping     : Mapped "{[/mappings || /mappings.json],methods=[GET],produces=[application/vnd.spring-boot.actuator.v1+json || application/json]}" onto public java.lang.Object org.springframework.boot.actuate.endpoint.mvc.EndpointMvcAdapter.invoke()
2017-05-26 18:13:14.303  INFO 16528 --- [    Test worker] o.s.b.a.e.mvc.EndpointHandlerMapping     : Mapped "{[/autoconfig || /autoconfig.json],methods=[GET],produces=[application/vnd.spring-boot.actuator.v1+json || application/json]}" onto public java.lang.Object org.springframework.boot.actuate.endpoint.mvc.EndpointMvcAdapter.invoke()
2017-05-26 18:13:14.303  INFO 16528 --- [    Test worker] o.s.b.a.e.mvc.EndpointHandlerMapping     : Mapped "{[/health || /health.json],methods=[GET],produces=[application/vnd.spring-boot.actuator.v1+json || application/json]}" onto public java.lang.Object org.springframework.boot.actuate.endpoint.mvc.HealthMvcEndpoint.invoke(javax.servlet.http.HttpServletRequest,java.security.Principal)
2017-05-26 18:13:14.304  INFO 16528 --- [    Test worker] o.s.b.a.e.mvc.EndpointHandlerMapping     : Mapped "{[/auditevents || /auditevents.json],methods=[GET],produces=[application/vnd.spring-boot.actuator.v1+json || application/json]}" onto public org.springframework.http.ResponseEntity<?> org.springframework.boot.actuate.endpoint.mvc.AuditEventsMvcEndpoint.findByPrincipalAndAfterAndType(java.lang.String,java.util.Date,java.lang.String)
2017-05-26 18:13:14.304  INFO 16528 --- [    Test worker] o.s.b.a.e.mvc.EndpointHandlerMapping     : Mapped "{[/env/{name:.*}],methods=[GET],produces=[application/vnd.spring-boot.actuator.v1+json || application/json]}" onto public java.lang.Object org.springframework.boot.actuate.endpoint.mvc.EnvironmentMvcEndpoint.value(java.lang.String)
2017-05-26 18:13:14.305  INFO 16528 --- [    Test worker] o.s.b.a.e.mvc.EndpointHandlerMapping     : Mapped "{[/env || /env.json],methods=[GET],produces=[application/vnd.spring-boot.actuator.v1+json || application/json]}" onto public java.lang.Object org.springframework.boot.actuate.endpoint.mvc.EndpointMvcAdapter.invoke()
2017-05-26 18:13:14.476  INFO 16528 --- [    Test worker] s.b.c.e.t.TomcatEmbeddedServletContainer : Tomcat started on port(s): 59044 (http)
2017-05-26 18:13:14.478  INFO 16528 --- [    Test worker] thInsecureSampleActuatorApplicationTests : Started ServletPathInsecureSampleActuatorApplicationTests in 1.834 seconds (JVM running for 49.356)
2017-05-26 18:13:14.485  INFO 16528 --- [-auto-15-exec-1] o.a.c.c.C.[Tomcat].[localhost].[/]       : Initializing Spring FrameworkServlet 'dispatcherServlet'
2017-05-26 18:13:14.485  INFO 16528 --- [-auto-15-exec-1] o.s.web.servlet.DispatcherServlet        : FrameworkServlet 'dispatcherServlet': initialization started
2017-05-26 18:13:14.504  INFO 16528 --- [-auto-15-exec-1] o.s.web.servlet.DispatcherServlet        : FrameworkServlet 'dispatcherServlet': initialization completed in 19 ms
2017-05-26 18:13:14.531  INFO 16528 --- [    Test worker] ationConfigEmbeddedWebApplicationContext : Closing org.springframework.boot.context.embedded.AnnotationConfigEmbeddedWebApplicationContext@c8a5077: startup date [Fri May 26 18:13:12 CST 2017]; root of context hierarchy
]]></system-out>
  <system-err><![CDATA[]]></system-err>
</testsuite>
