<?xml version="1.0" encoding="UTF-8"?>
<testsuite name="sample.actuator.InsecureManagementPortAndPathSampleActuatorApplicationTests" tests="4" skipped="0" failures="0" errors="0" timestamp="2017-05-26T10:12:53" hostname="Tony-PC" time="0.152">
  <properties/>
  <testcase name="testHome" classname="sample.actuator.InsecureManagementPortAndPathSampleActuatorApplicationTests" time="0.043"/>
  <testcase name="testMetrics" classname="sample.actuator.InsecureManagementPortAndPathSampleActuatorApplicationTests" time="0.05"/>
  <testcase name="testMissing" classname="sample.actuator.InsecureManagementPortAndPathSampleActuatorApplicationTests" time="0.035"/>
  <testcase name="testHealth" classname="sample.actuator.InsecureManagementPortAndPathSampleActuatorApplicationTests" time="0.02"/>
  <system-out><![CDATA[2017-05-26 18:12:49.640  INFO 16528 --- [    Test worker] .b.t.c.SpringBootTestContextBootstrapper : Neither @ContextConfiguration nor @ContextHierarchy found for test class [sample.actuator.InsecureManagementPortAndPathSampleActuatorApplicationTests], using SpringBootContextLoader
2017-05-26 18:12:49.647  INFO 16528 --- [    Test worker] o.s.t.c.support.AbstractContextLoader    : Could not detect default resource locations for test class [sample.actuator.InsecureManagementPortAndPathSampleActuatorApplicationTests]: no resource found for suffixes {-context.xml, Context.groovy}.
2017-05-26 18:12:49.654  INFO 16528 --- [    Test worker] t.c.s.AnnotationConfigContextLoaderUtils : Could not detect default configuration classes for test class [sample.actuator.InsecureManagementPortAndPathSampleActuatorApplicationTests]: InsecureManagementPortAndPathSampleActuatorApplicationTests does not declare any static, non-private, non-final, nested classes annotated with @Configuration.
2017-05-26 18:12:49.659  INFO 16528 --- [    Test worker] .b.t.c.SpringBootTestContextBootstrapper : Found @SpringBootConfiguration sample.actuator.SampleActuatorApplication for test class sample.actuator.InsecureManagementPortAndPathSampleActuatorApplicationTests
2017-05-26 18:12:49.671  INFO 16528 --- [    Test worker] .b.t.c.SpringBootTestContextBootstrapper : Loaded default TestExecutionListener class names from location [META-INF/spring.factories]: [org.springframework.boot.test.mock.mockito.MockitoTestExecutionListener, org.springframework.boot.test.mock.mockito.ResetMocksTestExecutionListener, org.springframework.boot.test.autoconfigure.restdocs.RestDocsTestExecutionListener, org.springframework.boot.test.autoconfigure.web.client.MockRestServiceServerResetTestExecutionListener, org.springframework.boot.test.autoconfigure.web.servlet.MockMvcPrintOnlyOnFailureTestExecutionListener, org.springframework.boot.test.autoconfigure.web.servlet.WebDriverTestExecutionListener, org.springframework.test.context.web.ServletTestExecutionListener, org.springframework.test.context.support.DirtiesContextBeforeModesTestExecutionListener, org.springframework.test.context.support.DependencyInjectionTestExecutionListener, org.springframework.test.context.support.DirtiesContextTestExecutionListener, org.springframework.test.context.transaction.TransactionalTestExecutionListener, org.springframework.test.context.jdbc.SqlScriptsTestExecutionListener]
2017-05-26 18:12:49.675  INFO 16528 --- [    Test worker] .b.t.c.SpringBootTestContextBootstrapper : Using TestExecutionListeners: [org.springframework.test.context.web.ServletTestExecutionListener@1285acb5, org.springframework.test.context.support.DirtiesContextBeforeModesTestExecutionListener@6521a7af, org.springframework.boot.test.autoconfigure.SpringBootDependencyInjectionTestExecutionListener@4cfc4eaf, org.springframework.test.context.support.DirtiesContextTestExecutionListener@12d864f2, org.springframework.test.context.transaction.TransactionalTestExecutionListener@2d879218, org.springframework.test.context.jdbc.SqlScriptsTestExecutionListener@45f354d8, org.springframework.boot.test.autoconfigure.web.client.MockRestServiceServerResetTestExecutionListener@6bd4e3ff, org.springframework.boot.test.autoconfigure.web.servlet.WebDriverTestExecutionListener@3a7af583, org.springframework.boot.test.mock.mockito.ResetMocksTestExecutionListener@2b7ca786, org.springframework.boot.test.mock.mockito.MockitoTestExecutionListener@74f673a5, org.springframework.boot.test.autoconfigure.restdocs.RestDocsTestExecutionListener@3871addf, org.springframework.boot.test.autoconfigure.web.servlet.MockMvcPrintOnlyOnFailureTestExecutionListener@55ca91bf]

  .   ____          _            __ _ _
 /\\ / ___'_ __ _ _(_)_ __  __ _ \ \ \ \
( ( )\___ | '_ | '_| | '_ \/ _` | \ \ \ \
 \\/  ___)| |_)| | | | | || (_| |  ) ) ) )
  '  |____| .__|_| |_|_| |_\__, | / / / /
 =========|_|==============|___/=/_/_/_/
 :: Spring Boot ::        (v1.5.3.RELEASE)

2017-05-26 18:12:50.052  INFO 16528 --- [    Test worker] ortAndPathSampleActuatorApplicationTests : Starting InsecureManagementPortAndPathSampleActuatorApplicationTests on Tony-PC with PID 16528 (started by Tony in D:\eclipse-neon\workspace\spring-boot-samples\spring-boot-sample-actuator)
2017-05-26 18:12:50.053  INFO 16528 --- [    Test worker] ortAndPathSampleActuatorApplicationTests : No active profile set, falling back to default profiles: default
2017-05-26 18:12:50.059  INFO 16528 --- [    Test worker] ationConfigEmbeddedWebApplicationContext : Refreshing org.springframework.boot.context.embedded.AnnotationConfigEmbeddedWebApplicationContext@2fb3190f: startup date [Fri May 26 18:12:50 CST 2017]; root of context hierarchy
2017-05-26 18:12:50.954  INFO 16528 --- [    Test worker] s.b.c.e.t.TomcatEmbeddedServletContainer : Tomcat initialized with port(s): 0 (http)
2017-05-26 18:12:50.968  INFO 16528 --- [    Test worker] o.apache.catalina.core.StandardService   : Starting service Tomcat
2017-05-26 18:12:50.969  INFO 16528 --- [    Test worker] org.apache.catalina.core.StandardEngine  : Starting Servlet Engine: Apache Tomcat/8.5.14
2017-05-26 18:12:51.163  INFO 16528 --- [ost-startStop-1] o.a.c.c.C.[Tomcat].[localhost].[/]       : Initializing Spring embedded WebApplicationContext
2017-05-26 18:12:51.164  INFO 16528 --- [ost-startStop-1] o.s.web.context.ContextLoader            : Root WebApplicationContext: initialization completed in 1105 ms
2017-05-26 18:12:51.853  INFO 16528 --- [ost-startStop-1] o.s.b.w.servlet.FilterRegistrationBean   : Mapping filter: 'metricsFilter' to: [/*]
2017-05-26 18:12:51.853  INFO 16528 --- [ost-startStop-1] o.s.b.w.servlet.FilterRegistrationBean   : Mapping filter: 'characterEncodingFilter' to: [/*]
2017-05-26 18:12:51.854  INFO 16528 --- [ost-startStop-1] o.s.b.w.servlet.FilterRegistrationBean   : Mapping filter: 'hiddenHttpMethodFilter' to: [/*]
2017-05-26 18:12:51.856  INFO 16528 --- [ost-startStop-1] o.s.b.w.servlet.FilterRegistrationBean   : Mapping filter: 'httpPutFormContentFilter' to: [/*]
2017-05-26 18:12:51.863  INFO 16528 --- [ost-startStop-1] o.s.b.w.servlet.FilterRegistrationBean   : Mapping filter: 'requestContextFilter' to: [/*]
2017-05-26 18:12:51.864  INFO 16528 --- [ost-startStop-1] .s.DelegatingFilterProxyRegistrationBean : Mapping filter: 'springSecurityFilterChain' to: [/*]
2017-05-26 18:12:51.864  INFO 16528 --- [ost-startStop-1] o.s.b.w.servlet.FilterRegistrationBean   : Mapping filter: 'webRequestLoggingFilter' to: [/*]
2017-05-26 18:12:51.865  INFO 16528 --- [ost-startStop-1] o.s.b.w.servlet.FilterRegistrationBean   : Mapping filter: 'applicationContextIdFilter' to: [/*]
2017-05-26 18:12:51.872  INFO 16528 --- [ost-startStop-1] o.s.b.w.servlet.ServletRegistrationBean  : Mapping servlet: 'dispatcherServlet' to [/]
2017-05-26 18:12:52.161  INFO 16528 --- [    Test worker] s.w.s.m.m.a.RequestMappingHandlerAdapter : Looking for @ControllerAdvice: org.springframework.boot.context.embedded.AnnotationConfigEmbeddedWebApplicationContext@2fb3190f: startup date [Fri May 26 18:12:50 CST 2017]; root of context hierarchy
2017-05-26 18:12:52.179  INFO 16528 --- [    Test worker] s.w.s.m.m.a.RequestMappingHandlerMapping : Mapped "{[/],methods=[POST]}" onto public java.util.Map<java.lang.String, java.lang.Object> sample.actuator.SampleController.olleh(sample.actuator.SampleController$Message)
2017-05-26 18:12:52.180  INFO 16528 --- [    Test worker] s.w.s.m.m.a.RequestMappingHandlerMapping : Mapped "{[/foo]}" onto public java.lang.String sample.actuator.SampleController.foo()
2017-05-26 18:12:52.180  INFO 16528 --- [    Test worker] s.w.s.m.m.a.RequestMappingHandlerMapping : Mapped "{[/],methods=[GET]}" onto public java.util.Map<java.lang.String, java.lang.String> sample.actuator.SampleController.hello()
2017-05-26 18:12:52.183  INFO 16528 --- [    Test worker] s.w.s.m.m.a.RequestMappingHandlerMapping : Mapped "{[/error]}" onto public org.springframework.http.ResponseEntity<java.util.Map<java.lang.String, java.lang.Object>> org.springframework.boot.autoconfigure.web.BasicErrorController.error(javax.servlet.http.HttpServletRequest)
2017-05-26 18:12:52.183  INFO 16528 --- [    Test worker] s.w.s.m.m.a.RequestMappingHandlerMapping : Mapped "{[/error],produces=[text/html]}" onto public org.springframework.web.servlet.ModelAndView org.springframework.boot.autoconfigure.web.BasicErrorController.errorHtml(javax.servlet.http.HttpServletRequest,javax.servlet.http.HttpServletResponse)
2017-05-26 18:12:52.212  INFO 16528 --- [    Test worker] o.s.w.s.handler.SimpleUrlHandlerMapping  : Mapped URL path [/webjars/**] onto handler of type [class org.springframework.web.servlet.resource.ResourceHttpRequestHandler]
2017-05-26 18:12:52.218  INFO 16528 --- [    Test worker] o.s.w.s.handler.SimpleUrlHandlerMapping  : Mapped URL path [/**] onto handler of type [class org.springframework.web.servlet.resource.ResourceHttpRequestHandler]
2017-05-26 18:12:52.254  INFO 16528 --- [    Test worker] o.s.w.s.handler.SimpleUrlHandlerMapping  : Mapped URL path [/**/favicon.ico] onto handler of type [class org.springframework.web.servlet.resource.ResourceHttpRequestHandler]
2017-05-26 18:12:52.413  INFO 16528 --- [    Test worker] b.a.s.AuthenticationManagerConfiguration : 

Using default security password: c531bdd5-a631-4186-8621-0d63f7be92af

2017-05-26 18:12:52.425  INFO 16528 --- [    Test worker] o.s.s.web.DefaultSecurityFilterChain     : Creating filter chain: OrRequestMatcher [requestMatchers=[Ant [pattern='/css/**'], Ant [pattern='/js/**'], Ant [pattern='/images/**'], Ant [pattern='/webjars/**'], Ant [pattern='/**/favicon.ico'], Ant [pattern='/error']]], []
2017-05-26 18:12:52.425  INFO 16528 --- [    Test worker] o.s.s.web.DefaultSecurityFilterChain     : Creating filter chain: Ant [pattern='/admin/**'], []
2017-05-26 18:12:52.494  INFO 16528 --- [    Test worker] o.s.s.web.DefaultSecurityFilterChain     : Creating filter chain: OrRequestMatcher [requestMatchers=[Ant [pattern='/**']]], [org.springframework.security.web.context.request.async.WebAsyncManagerIntegrationFilter@2dba7724, org.springframework.security.web.context.SecurityContextPersistenceFilter@1d4e4ba1, org.springframework.security.web.header.HeaderWriterFilter@1f1afe36, org.springframework.security.web.authentication.logout.LogoutFilter@5791198f, org.springframework.security.web.authentication.www.BasicAuthenticationFilter@386d539f, org.springframework.security.web.savedrequest.RequestCacheAwareFilter@3b24db2d, org.springframework.security.web.servletapi.SecurityContextHolderAwareRequestFilter@73076931, org.springframework.security.web.authentication.AnonymousAuthenticationFilter@1d0a3ba7, org.springframework.security.web.session.SessionManagementFilter@12d6dc92, org.springframework.security.web.access.ExceptionTranslationFilter@3ab39fea, org.springframework.security.web.access.intercept.FilterSecurityInterceptor@60aacc47]
2017-05-26 18:12:52.905  INFO 16528 --- [    Test worker] ationConfigEmbeddedWebApplicationContext : Refreshing org.springframework.boot.context.embedded.AnnotationConfigEmbeddedWebApplicationContext@50659d0b: startup date [Fri May 26 18:12:52 CST 2017]; parent: org.springframework.boot.context.embedded.AnnotationConfigEmbeddedWebApplicationContext@2fb3190f
2017-05-26 18:12:52.945  INFO 16528 --- [    Test worker] o.s.b.f.s.DefaultListableBeanFactory     : Overriding bean definition for bean 'handlerExceptionResolver' with a different definition: replacing [Root bean: class [null]; scope=; abstract=false; lazyInit=false; autowireMode=3; dependencyCheck=0; autowireCandidate=true; primary=false; factoryBeanName=org.springframework.web.servlet.config.annotation.DelegatingWebMvcConfiguration; factoryMethodName=handlerExceptionResolver; initMethodName=null; destroyMethodName=(inferred); defined in org.springframework.web.servlet.config.annotation.DelegatingWebMvcConfiguration] with [Root bean: class [null]; scope=; abstract=false; lazyInit=false; autowireMode=3; dependencyCheck=0; autowireCandidate=true; primary=false; factoryBeanName=endpointWebMvcChildContextConfiguration; factoryMethodName=compositeHandlerExceptionResolver; initMethodName=null; destroyMethodName=(inferred); defined in org.springframework.boot.actuate.autoconfigure.EndpointWebMvcChildContextConfiguration]
2017-05-26 18:12:53.000  INFO 16528 --- [    Test worker] s.b.c.e.t.TomcatEmbeddedServletContainer : Tomcat initialized with port(s): 0 (http)
2017-05-26 18:12:53.001  INFO 16528 --- [    Test worker] o.apache.catalina.core.StandardService   : Starting service Tomcat
2017-05-26 18:12:53.002  INFO 16528 --- [    Test worker] org.apache.catalina.core.StandardEngine  : Starting Servlet Engine: Apache Tomcat/8.5.14
2017-05-26 18:12:53.015  INFO 16528 --- [ost-startStop-1] o.a.c.c.C.[Tomcat-1].[localhost].[/]     : Initializing Spring embedded WebApplicationContext
2017-05-26 18:12:53.015  INFO 16528 --- [ost-startStop-1] o.s.web.context.ContextLoader            : Root WebApplicationContext: initialization completed in 110 ms
2017-05-26 18:12:53.028  INFO 16528 --- [ost-startStop-1] o.s.b.w.servlet.ServletRegistrationBean  : Mapping servlet: 'dispatcherServlet' to [/]
2017-05-26 18:12:53.028  INFO 16528 --- [ost-startStop-1] o.s.b.w.servlet.FilterRegistrationBean   : Mapping filter: 'springSecurityFilterChain' to: [/*]
2017-05-26 18:12:53.154  INFO 16528 --- [    Test worker] o.s.b.a.e.mvc.EndpointHandlerMapping     : Mapped "{[/admin/mappings || /admin/mappings.json],methods=[GET],produces=[application/vnd.spring-boot.actuator.v1+json || application/json]}" onto public java.lang.Object org.springframework.boot.actuate.endpoint.mvc.EndpointMvcAdapter.invoke()
2017-05-26 18:12:53.160  INFO 16528 --- [    Test worker] o.s.b.a.e.mvc.EndpointHandlerMapping     : Mapped "{[/admin/health || /admin/health.json],methods=[GET],produces=[application/vnd.spring-boot.actuator.v1+json || application/json]}" onto public java.lang.Object org.springframework.boot.actuate.endpoint.mvc.HealthMvcEndpoint.invoke(javax.servlet.http.HttpServletRequest,java.security.Principal)
2017-05-26 18:12:53.161  INFO 16528 --- [    Test worker] o.s.b.a.e.mvc.EndpointHandlerMapping     : Mapped "{[/admin/beans || /admin/beans.json],methods=[GET],produces=[application/vnd.spring-boot.actuator.v1+json || application/json]}" onto public java.lang.Object org.springframework.boot.actuate.endpoint.mvc.EndpointMvcAdapter.invoke()
2017-05-26 18:12:53.162  INFO 16528 --- [    Test worker] o.s.b.a.e.mvc.EndpointHandlerMapping     : Mapped "{[/admin/trace || /admin/trace.json],methods=[GET],produces=[application/vnd.spring-boot.actuator.v1+json || application/json]}" onto public java.lang.Object org.springframework.boot.actuate.endpoint.mvc.EndpointMvcAdapter.invoke()
2017-05-26 18:12:53.162  INFO 16528 --- [    Test worker] o.s.b.a.e.mvc.EndpointHandlerMapping     : Mapped "{[/admin/configprops || /admin/configprops.json],methods=[GET],produces=[application/vnd.spring-boot.actuator.v1+json || application/json]}" onto public java.lang.Object org.springframework.boot.actuate.endpoint.mvc.EndpointMvcAdapter.invoke()
2017-05-26 18:12:53.163  INFO 16528 --- [    Test worker] o.s.b.a.e.mvc.EndpointHandlerMapping     : Mapped "{[/admin/loggers/{name:.*}],methods=[GET],produces=[application/vnd.spring-boot.actuator.v1+json || application/json]}" onto public java.lang.Object org.springframework.boot.actuate.endpoint.mvc.LoggersMvcEndpoint.get(java.lang.String)
2017-05-26 18:12:53.164  INFO 16528 --- [    Test worker] o.s.b.a.e.mvc.EndpointHandlerMapping     : Mapped "{[/admin/loggers/{name:.*}],methods=[POST],consumes=[application/vnd.spring-boot.actuator.v1+json || application/json],produces=[application/vnd.spring-boot.actuator.v1+json || application/json]}" onto public java.lang.Object org.springframework.boot.actuate.endpoint.mvc.LoggersMvcEndpoint.set(java.lang.String,java.util.Map<java.lang.String, java.lang.String>)
2017-05-26 18:12:53.164  INFO 16528 --- [    Test worker] o.s.b.a.e.mvc.EndpointHandlerMapping     : Mapped "{[/admin/loggers || /admin/loggers.json],methods=[GET],produces=[application/vnd.spring-boot.actuator.v1+json || application/json]}" onto public java.lang.Object org.springframework.boot.actuate.endpoint.mvc.EndpointMvcAdapter.invoke()
2017-05-26 18:12:53.166  INFO 16528 --- [    Test worker] o.s.b.a.e.mvc.EndpointHandlerMapping     : Mapped "{[/admin/heapdump || /admin/heapdump.json],methods=[GET],produces=[application/octet-stream]}" onto public void org.springframework.boot.actuate.endpoint.mvc.HeapdumpMvcEndpoint.invoke(boolean,javax.servlet.http.HttpServletRequest,javax.servlet.http.HttpServletResponse) throws java.io.IOException,javax.servlet.ServletException
2017-05-26 18:12:53.172  INFO 16528 --- [    Test worker] o.s.b.a.e.mvc.EndpointHandlerMapping     : Mapped "{[/admin/auditevents || /admin/auditevents.json],methods=[GET],produces=[application/vnd.spring-boot.actuator.v1+json || application/json]}" onto public org.springframework.http.ResponseEntity<?> org.springframework.boot.actuate.endpoint.mvc.AuditEventsMvcEndpoint.findByPrincipalAndAfterAndType(java.lang.String,java.util.Date,java.lang.String)
2017-05-26 18:12:53.173  INFO 16528 --- [    Test worker] o.s.b.a.e.mvc.EndpointHandlerMapping     : Mapped "{[/admin/autoconfig || /admin/autoconfig.json],methods=[GET],produces=[application/vnd.spring-boot.actuator.v1+json || application/json]}" onto public java.lang.Object org.springframework.boot.actuate.endpoint.mvc.EndpointMvcAdapter.invoke()
2017-05-26 18:12:53.174  INFO 16528 --- [    Test worker] o.s.b.a.e.mvc.EndpointHandlerMapping     : Mapped "{[/admin/env/{name:.*}],methods=[GET],produces=[application/vnd.spring-boot.actuator.v1+json || application/json]}" onto public java.lang.Object org.springframework.boot.actuate.endpoint.mvc.EnvironmentMvcEndpoint.value(java.lang.String)
2017-05-26 18:12:53.174  INFO 16528 --- [    Test worker] o.s.b.a.e.mvc.EndpointHandlerMapping     : Mapped "{[/admin/env || /admin/env.json],methods=[GET],produces=[application/vnd.spring-boot.actuator.v1+json || application/json]}" onto public java.lang.Object org.springframework.boot.actuate.endpoint.mvc.EndpointMvcAdapter.invoke()
2017-05-26 18:12:53.176  INFO 16528 --- [    Test worker] o.s.b.a.e.mvc.EndpointHandlerMapping     : Mapped "{[/admin/shutdown || /admin/shutdown.json],methods=[POST],produces=[application/vnd.spring-boot.actuator.v1+json || application/json]}" onto public java.lang.Object org.springframework.boot.actuate.endpoint.mvc.ShutdownMvcEndpoint.invoke()
2017-05-26 18:12:53.177  INFO 16528 --- [    Test worker] o.s.b.a.e.mvc.EndpointHandlerMapping     : Mapped "{[/admin/metrics/{name:.*}],methods=[GET],produces=[application/vnd.spring-boot.actuator.v1+json || application/json]}" onto public java.lang.Object org.springframework.boot.actuate.endpoint.mvc.MetricsMvcEndpoint.value(java.lang.String)
2017-05-26 18:12:53.177  INFO 16528 --- [    Test worker] o.s.b.a.e.mvc.EndpointHandlerMapping     : Mapped "{[/admin/metrics || /admin/metrics.json],methods=[GET],produces=[application/vnd.spring-boot.actuator.v1+json || application/json]}" onto public java.lang.Object org.springframework.boot.actuate.endpoint.mvc.EndpointMvcAdapter.invoke()
2017-05-26 18:12:53.178  INFO 16528 --- [    Test worker] o.s.b.a.e.mvc.EndpointHandlerMapping     : Mapped "{[/admin/info || /admin/info.json],methods=[GET],produces=[application/vnd.spring-boot.actuator.v1+json || application/json]}" onto public java.lang.Object org.springframework.boot.actuate.endpoint.mvc.EndpointMvcAdapter.invoke()
2017-05-26 18:12:53.179  INFO 16528 --- [    Test worker] o.s.b.a.e.mvc.EndpointHandlerMapping     : Mapped "{[/admin/dump || /admin/dump.json],methods=[GET],produces=[application/vnd.spring-boot.actuator.v1+json || application/json]}" onto public java.lang.Object org.springframework.boot.actuate.endpoint.mvc.EndpointMvcAdapter.invoke()
2017-05-26 18:12:53.193  INFO 16528 --- [    Test worker] s.w.s.m.m.a.RequestMappingHandlerMapping : Mapped "{[/error]}" onto public java.util.Map<java.lang.String, java.lang.Object> org.springframework.boot.actuate.endpoint.mvc.ManagementErrorEndpoint.invoke()
2017-05-26 18:12:53.200  INFO 16528 --- [    Test worker] o.s.w.s.handler.SimpleUrlHandlerMapping  : Mapped URL path [/webjars/**] onto handler of type [class org.springframework.web.servlet.resource.ResourceHttpRequestHandler]
2017-05-26 18:12:53.200  INFO 16528 --- [    Test worker] o.s.w.s.handler.SimpleUrlHandlerMapping  : Mapped URL path [/**] onto handler of type [class org.springframework.web.servlet.resource.ResourceHttpRequestHandler]
2017-05-26 18:12:53.217  INFO 16528 --- [    Test worker] s.w.s.m.m.a.RequestMappingHandlerAdapter : Looking for @ControllerAdvice: org.springframework.boot.context.embedded.AnnotationConfigEmbeddedWebApplicationContext@50659d0b: startup date [Fri May 26 18:12:52 CST 2017]; parent: org.springframework.boot.context.embedded.AnnotationConfigEmbeddedWebApplicationContext@2fb3190f
2017-05-26 18:12:53.279  INFO 16528 --- [    Test worker] s.b.c.e.t.TomcatEmbeddedServletContainer : Tomcat started on port(s): 58925 (http)
2017-05-26 18:12:53.292  INFO 16528 --- [    Test worker] s.b.c.e.t.TomcatEmbeddedServletContainer : Tomcat started on port(s): 58932 (http)
2017-05-26 18:12:53.294  INFO 16528 --- [    Test worker] ortAndPathSampleActuatorApplicationTests : Started InsecureManagementPortAndPathSampleActuatorApplicationTests in 3.602 seconds (JVM running for 28.175)
2017-05-26 18:12:53.315  INFO 16528 --- [o-auto-3-exec-1] o.a.c.c.C.[Tomcat].[localhost].[/]       : Initializing Spring FrameworkServlet 'dispatcherServlet'
2017-05-26 18:12:53.315  INFO 16528 --- [o-auto-3-exec-1] o.s.web.servlet.DispatcherServlet        : FrameworkServlet 'dispatcherServlet': initialization started
2017-05-26 18:12:53.335  INFO 16528 --- [o-auto-3-exec-1] o.s.web.servlet.DispatcherServlet        : FrameworkServlet 'dispatcherServlet': initialization completed in 20 ms
2017-05-26 18:12:53.376  INFO 16528 --- [1-auto-2-exec-1] o.a.c.c.C.[Tomcat-1].[localhost].[/]     : Initializing Spring FrameworkServlet 'dispatcherServlet'
2017-05-26 18:12:53.377  INFO 16528 --- [1-auto-2-exec-1] o.s.web.servlet.DispatcherServlet        : FrameworkServlet 'dispatcherServlet': initialization started
2017-05-26 18:12:53.378  INFO 16528 --- [1-auto-2-exec-1] o.s.web.servlet.DispatcherServlet        : FrameworkServlet 'dispatcherServlet': initialization completed in 1 ms
2017-05-26 18:12:53.456  INFO 16528 --- [    Test worker] ationConfigEmbeddedWebApplicationContext : Closing org.springframework.boot.context.embedded.AnnotationConfigEmbeddedWebApplicationContext@2fb3190f: startup date [Fri May 26 18:12:50 CST 2017]; root of context hierarchy
2017-05-26 18:12:53.457  INFO 16528 --- [    Test worker] ationConfigEmbeddedWebApplicationContext : Closing org.springframework.boot.context.embedded.AnnotationConfigEmbeddedWebApplicationContext@50659d0b: startup date [Fri May 26 18:12:52 CST 2017]; parent: org.springframework.boot.context.embedded.AnnotationConfigEmbeddedWebApplicationContext@2fb3190f
]]></system-out>
  <system-err><![CDATA[]]></system-err>
</testsuite>
