<?xml version="1.0" encoding="UTF-8"?>
<testsuite name="sample.actuator.ManagementPortSampleActuatorApplicationTests" tests="4" skipped="0" failures="0" errors="0" timestamp="2017-05-26T10:13:08" hostname="Tony-PC" time="0.113">
  <properties/>
  <testcase name="testHome" classname="sample.actuator.ManagementPortSampleActuatorApplicationTests" time="0.034"/>
  <testcase name="testMetrics" classname="sample.actuator.ManagementPortSampleActuatorApplicationTests" time="0.037"/>
  <testcase name="testErrorPage" classname="sample.actuator.ManagementPortSampleActuatorApplicationTests" time="0.017"/>
  <testcase name="testHealth" classname="sample.actuator.ManagementPortSampleActuatorApplicationTests" time="0.021"/>
  <system-out><![CDATA[2017-05-26 18:13:05.800  INFO 16528 --- [    Test worker] .b.t.c.SpringBootTestContextBootstrapper : Neither @ContextConfiguration nor @ContextHierarchy found for test class [sample.actuator.ManagementPortSampleActuatorApplicationTests], using SpringBootContextLoader
2017-05-26 18:13:05.802  INFO 16528 --- [    Test worker] o.s.t.c.support.AbstractContextLoader    : Could not detect default resource locations for test class [sample.actuator.ManagementPortSampleActuatorApplicationTests]: no resource found for suffixes {-context.xml, Context.groovy}.
2017-05-26 18:13:05.802  INFO 16528 --- [    Test worker] t.c.s.AnnotationConfigContextLoaderUtils : Could not detect default configuration classes for test class [sample.actuator.ManagementPortSampleActuatorApplicationTests]: ManagementPortSampleActuatorApplicationTests does not declare any static, non-private, non-final, nested classes annotated with @Configuration.
2017-05-26 18:13:05.805  INFO 16528 --- [    Test worker] .b.t.c.SpringBootTestContextBootstrapper : Found @SpringBootConfiguration sample.actuator.SampleActuatorApplication for test class sample.actuator.ManagementPortSampleActuatorApplicationTests
2017-05-26 18:13:05.807  INFO 16528 --- [    Test worker] .b.t.c.SpringBootTestContextBootstrapper : Loaded default TestExecutionListener class names from location [META-INF/spring.factories]: [org.springframework.boot.test.mock.mockito.MockitoTestExecutionListener, org.springframework.boot.test.mock.mockito.ResetMocksTestExecutionListener, org.springframework.boot.test.autoconfigure.restdocs.RestDocsTestExecutionListener, org.springframework.boot.test.autoconfigure.web.client.MockRestServiceServerResetTestExecutionListener, org.springframework.boot.test.autoconfigure.web.servlet.MockMvcPrintOnlyOnFailureTestExecutionListener, org.springframework.boot.test.autoconfigure.web.servlet.WebDriverTestExecutionListener, org.springframework.test.context.web.ServletTestExecutionListener, org.springframework.test.context.support.DirtiesContextBeforeModesTestExecutionListener, org.springframework.test.context.support.DependencyInjectionTestExecutionListener, org.springframework.test.context.support.DirtiesContextTestExecutionListener, org.springframework.test.context.transaction.TransactionalTestExecutionListener, org.springframework.test.context.jdbc.SqlScriptsTestExecutionListener]
2017-05-26 18:13:05.809  INFO 16528 --- [    Test worker] .b.t.c.SpringBootTestContextBootstrapper : Using TestExecutionListeners: [org.springframework.test.context.web.ServletTestExecutionListener@4d5d3ebc, org.springframework.test.context.support.DirtiesContextBeforeModesTestExecutionListener@339e66df, org.springframework.boot.test.autoconfigure.SpringBootDependencyInjectionTestExecutionListener@54ea11f2, org.springframework.test.context.support.DirtiesContextTestExecutionListener@13608ace, org.springframework.test.context.transaction.TransactionalTestExecutionListener@376cfec0, org.springframework.test.context.jdbc.SqlScriptsTestExecutionListener@7704de6c, org.springframework.boot.test.autoconfigure.web.client.MockRestServiceServerResetTestExecutionListener@736534ff, org.springframework.boot.test.autoconfigure.web.servlet.WebDriverTestExecutionListener@6444f6a7, org.springframework.boot.test.mock.mockito.ResetMocksTestExecutionListener@340e9e11, org.springframework.boot.test.mock.mockito.MockitoTestExecutionListener@65a8c142, org.springframework.boot.test.autoconfigure.restdocs.RestDocsTestExecutionListener@3f30d3c4, org.springframework.boot.test.autoconfigure.web.servlet.MockMvcPrintOnlyOnFailureTestExecutionListener@7c82fb4b]

  .   ____          _            __ _ _
 /\\ / ___'_ __ _ _(_)_ __  __ _ \ \ \ \
( ( )\___ | '_ | '_| | '_ \/ _` | \ \ \ \
 \\/  ___)| |_)| | | | | || (_| |  ) ) ) )
  '  |____| .__|_| |_|_| |_\__, | / / / /
 =========|_|==============|___/=/_/_/_/
 :: Spring Boot ::        (v1.5.3.RELEASE)

2017-05-26 18:13:05.860  INFO 16528 --- [    Test worker] gementPortSampleActuatorApplicationTests : Starting ManagementPortSampleActuatorApplicationTests on Tony-PC with PID 16528 (started by Tony in D:\eclipse-neon\workspace\spring-boot-samples\spring-boot-sample-actuator)
2017-05-26 18:13:05.860  INFO 16528 --- [    Test worker] gementPortSampleActuatorApplicationTests : No active profile set, falling back to default profiles: default
2017-05-26 18:13:05.862  INFO 16528 --- [    Test worker] ationConfigEmbeddedWebApplicationContext : Refreshing org.springframework.boot.context.embedded.AnnotationConfigEmbeddedWebApplicationContext@5c8b15d0: startup date [Fri May 26 18:13:05 CST 2017]; root of context hierarchy
2017-05-26 18:13:06.455  INFO 16528 --- [    Test worker] s.b.c.e.t.TomcatEmbeddedServletContainer : Tomcat initialized with port(s): 0 (http)
2017-05-26 18:13:06.455  INFO 16528 --- [    Test worker] o.apache.catalina.core.StandardService   : Starting service Tomcat
2017-05-26 18:13:06.456  INFO 16528 --- [    Test worker] org.apache.catalina.core.StandardEngine  : Starting Servlet Engine: Apache Tomcat/8.5.14
2017-05-26 18:13:06.468  INFO 16528 --- [ost-startStop-1] o.a.c.c.C.[Tomcat].[localhost].[/]       : Initializing Spring embedded WebApplicationContext
2017-05-26 18:13:06.469  INFO 16528 --- [ost-startStop-1] o.s.web.context.ContextLoader            : Root WebApplicationContext: initialization completed in 607 ms
2017-05-26 18:13:06.696  INFO 16528 --- [ost-startStop-1] o.s.b.w.servlet.FilterRegistrationBean   : Mapping filter: 'metricsFilter' to: [/*]
2017-05-26 18:13:06.700  INFO 16528 --- [ost-startStop-1] o.s.b.w.servlet.FilterRegistrationBean   : Mapping filter: 'characterEncodingFilter' to: [/*]
2017-05-26 18:13:06.700  INFO 16528 --- [ost-startStop-1] o.s.b.w.servlet.FilterRegistrationBean   : Mapping filter: 'hiddenHttpMethodFilter' to: [/*]
2017-05-26 18:13:06.700  INFO 16528 --- [ost-startStop-1] o.s.b.w.servlet.FilterRegistrationBean   : Mapping filter: 'httpPutFormContentFilter' to: [/*]
2017-05-26 18:13:06.706  INFO 16528 --- [ost-startStop-1] o.s.b.w.servlet.FilterRegistrationBean   : Mapping filter: 'requestContextFilter' to: [/*]
2017-05-26 18:13:06.706  INFO 16528 --- [ost-startStop-1] .s.DelegatingFilterProxyRegistrationBean : Mapping filter: 'springSecurityFilterChain' to: [/*]
2017-05-26 18:13:06.706  INFO 16528 --- [ost-startStop-1] o.s.b.w.servlet.FilterRegistrationBean   : Mapping filter: 'webRequestLoggingFilter' to: [/*]
2017-05-26 18:13:06.707  INFO 16528 --- [ost-startStop-1] o.s.b.w.servlet.FilterRegistrationBean   : Mapping filter: 'applicationContextIdFilter' to: [/*]
2017-05-26 18:13:06.713  INFO 16528 --- [ost-startStop-1] o.s.b.w.servlet.ServletRegistrationBean  : Mapping servlet: 'dispatcherServlet' to [/]
2017-05-26 18:13:06.933  INFO 16528 --- [    Test worker] s.w.s.m.m.a.RequestMappingHandlerAdapter : Looking for @ControllerAdvice: org.springframework.boot.context.embedded.AnnotationConfigEmbeddedWebApplicationContext@5c8b15d0: startup date [Fri May 26 18:13:05 CST 2017]; root of context hierarchy
2017-05-26 18:13:06.950  INFO 16528 --- [    Test worker] s.w.s.m.m.a.RequestMappingHandlerMapping : Mapped "{[/],methods=[POST]}" onto public java.util.Map<java.lang.String, java.lang.Object> sample.actuator.SampleController.olleh(sample.actuator.SampleController$Message)
2017-05-26 18:13:06.950  INFO 16528 --- [    Test worker] s.w.s.m.m.a.RequestMappingHandlerMapping : Mapped "{[/foo]}" onto public java.lang.String sample.actuator.SampleController.foo()
2017-05-26 18:13:06.951  INFO 16528 --- [    Test worker] s.w.s.m.m.a.RequestMappingHandlerMapping : Mapped "{[/],methods=[GET]}" onto public java.util.Map<java.lang.String, java.lang.String> sample.actuator.SampleController.hello()
2017-05-26 18:13:06.952  INFO 16528 --- [    Test worker] s.w.s.m.m.a.RequestMappingHandlerMapping : Mapped "{[/error]}" onto public org.springframework.http.ResponseEntity<java.util.Map<java.lang.String, java.lang.Object>> org.springframework.boot.autoconfigure.web.BasicErrorController.error(javax.servlet.http.HttpServletRequest)
2017-05-26 18:13:06.952  INFO 16528 --- [    Test worker] s.w.s.m.m.a.RequestMappingHandlerMapping : Mapped "{[/error],produces=[text/html]}" onto public org.springframework.web.servlet.ModelAndView org.springframework.boot.autoconfigure.web.BasicErrorController.errorHtml(javax.servlet.http.HttpServletRequest,javax.servlet.http.HttpServletResponse)
2017-05-26 18:13:06.979  INFO 16528 --- [    Test worker] o.s.w.s.handler.SimpleUrlHandlerMapping  : Mapped URL path [/webjars/**] onto handler of type [class org.springframework.web.servlet.resource.ResourceHttpRequestHandler]
2017-05-26 18:13:06.979  INFO 16528 --- [    Test worker] o.s.w.s.handler.SimpleUrlHandlerMapping  : Mapped URL path [/**] onto handler of type [class org.springframework.web.servlet.resource.ResourceHttpRequestHandler]
2017-05-26 18:13:07.267  INFO 16528 --- [    Test worker] o.s.w.s.handler.SimpleUrlHandlerMapping  : Mapped URL path [/**/favicon.ico] onto handler of type [class org.springframework.web.servlet.resource.ResourceHttpRequestHandler]
2017-05-26 18:13:07.399  INFO 16528 --- [    Test worker] b.a.s.AuthenticationManagerConfiguration : 

Using default security password: 2aac53e8-94b2-486d-a74f-9d973b62c704

2017-05-26 18:13:07.413  INFO 16528 --- [    Test worker] o.s.s.web.DefaultSecurityFilterChain     : Creating filter chain: OrRequestMatcher [requestMatchers=[Ant [pattern='/css/**'], Ant [pattern='/js/**'], Ant [pattern='/images/**'], Ant [pattern='/webjars/**'], Ant [pattern='/**/favicon.ico'], Ant [pattern='/error']]], []
2017-05-26 18:13:07.481  INFO 16528 --- [    Test worker] o.s.s.web.DefaultSecurityFilterChain     : Creating filter chain: org.springframework.boot.actuate.autoconfigure.ManagementWebSecurityAutoConfiguration$LazyEndpointPathRequestMatcher@76bc41e, [org.springframework.security.web.context.request.async.WebAsyncManagerIntegrationFilter@5052be38, org.springframework.security.web.context.SecurityContextPersistenceFilter@4bc8b8c1, org.springframework.security.web.header.HeaderWriterFilter@1523834c, org.springframework.security.web.authentication.logout.LogoutFilter@57404bf2, org.springframework.security.web.authentication.www.BasicAuthenticationFilter@33b28f4a, org.springframework.security.web.savedrequest.RequestCacheAwareFilter@68ba8af2, org.springframework.security.web.servletapi.SecurityContextHolderAwareRequestFilter@610a4d4a, org.springframework.security.web.authentication.AnonymousAuthenticationFilter@6cb75598, org.springframework.security.web.session.SessionManagementFilter@4a8f8e6f, org.springframework.security.web.access.ExceptionTranslationFilter@484eaa0, org.springframework.security.web.access.intercept.FilterSecurityInterceptor@75192812]
2017-05-26 18:13:07.483  INFO 16528 --- [    Test worker] o.s.s.web.DefaultSecurityFilterChain     : Creating filter chain: OrRequestMatcher [requestMatchers=[Ant [pattern='/**']]], [org.springframework.security.web.context.request.async.WebAsyncManagerIntegrationFilter@3a4f752, org.springframework.security.web.context.SecurityContextPersistenceFilter@90186cd, org.springframework.security.web.header.HeaderWriterFilter@715b059e, org.springframework.security.web.authentication.logout.LogoutFilter@405d9497, org.springframework.security.web.authentication.www.BasicAuthenticationFilter@45ef45bf, org.springframework.security.web.savedrequest.RequestCacheAwareFilter@79d6a8a8, org.springframework.security.web.servletapi.SecurityContextHolderAwareRequestFilter@500835f9, org.springframework.security.web.authentication.AnonymousAuthenticationFilter@28e2672b, org.springframework.security.web.session.SessionManagementFilter@1f71e681, org.springframework.security.web.access.ExceptionTranslationFilter@7b2170dd, org.springframework.security.web.access.intercept.FilterSecurityInterceptor@baed253]
2017-05-26 18:13:07.821  INFO 16528 --- [    Test worker] ationConfigEmbeddedWebApplicationContext : Refreshing org.springframework.boot.context.embedded.AnnotationConfigEmbeddedWebApplicationContext@2d3c840f: startup date [Fri May 26 18:13:07 CST 2017]; parent: org.springframework.boot.context.embedded.AnnotationConfigEmbeddedWebApplicationContext@5c8b15d0
2017-05-26 18:13:07.845  INFO 16528 --- [    Test worker] o.s.b.f.s.DefaultListableBeanFactory     : Overriding bean definition for bean 'handlerExceptionResolver' with a different definition: replacing [Root bean: class [null]; scope=; abstract=false; lazyInit=false; autowireMode=3; dependencyCheck=0; autowireCandidate=true; primary=false; factoryBeanName=org.springframework.web.servlet.config.annotation.DelegatingWebMvcConfiguration; factoryMethodName=handlerExceptionResolver; initMethodName=null; destroyMethodName=(inferred); defined in org.springframework.web.servlet.config.annotation.DelegatingWebMvcConfiguration] with [Root bean: class [null]; scope=; abstract=false; lazyInit=false; autowireMode=3; dependencyCheck=0; autowireCandidate=true; primary=false; factoryBeanName=endpointWebMvcChildContextConfiguration; factoryMethodName=compositeHandlerExceptionResolver; initMethodName=null; destroyMethodName=(inferred); defined in org.springframework.boot.actuate.autoconfigure.EndpointWebMvcChildContextConfiguration]
2017-05-26 18:13:07.874  INFO 16528 --- [    Test worker] s.b.c.e.t.TomcatEmbeddedServletContainer : Tomcat initialized with port(s): 0 (http)
2017-05-26 18:13:07.875  INFO 16528 --- [    Test worker] o.apache.catalina.core.StandardService   : Starting service Tomcat
2017-05-26 18:13:07.875  INFO 16528 --- [    Test worker] org.apache.catalina.core.StandardEngine  : Starting Servlet Engine: Apache Tomcat/8.5.14
2017-05-26 18:13:07.886  INFO 16528 --- [ost-startStop-1] o.a.c.c.C.[Tomcat-1].[localhost].[/]     : Initializing Spring embedded WebApplicationContext
2017-05-26 18:13:07.886  INFO 16528 --- [ost-startStop-1] o.s.web.context.ContextLoader            : Root WebApplicationContext: initialization completed in 65 ms
2017-05-26 18:13:07.894  INFO 16528 --- [ost-startStop-1] o.s.b.w.servlet.ServletRegistrationBean  : Mapping servlet: 'dispatcherServlet' to [/]
2017-05-26 18:13:07.894  INFO 16528 --- [ost-startStop-1] o.s.b.w.servlet.FilterRegistrationBean   : Mapping filter: 'springSecurityFilterChain' to: [/*]
2017-05-26 18:13:07.964  INFO 16528 --- [    Test worker] o.s.b.a.e.mvc.EndpointHandlerMapping     : Mapped "{[/health || /health.json],methods=[GET],produces=[application/vnd.spring-boot.actuator.v1+json || application/json]}" onto public java.lang.Object org.springframework.boot.actuate.endpoint.mvc.HealthMvcEndpoint.invoke(javax.servlet.http.HttpServletRequest,java.security.Principal)
2017-05-26 18:13:07.971  INFO 16528 --- [    Test worker] o.s.b.a.e.mvc.EndpointHandlerMapping     : Mapped "{[/heapdump || /heapdump.json],methods=[GET],produces=[application/octet-stream]}" onto public void org.springframework.boot.actuate.endpoint.mvc.HeapdumpMvcEndpoint.invoke(boolean,javax.servlet.http.HttpServletRequest,javax.servlet.http.HttpServletResponse) throws java.io.IOException,javax.servlet.ServletException
2017-05-26 18:13:07.971  INFO 16528 --- [    Test worker] o.s.b.a.e.mvc.EndpointHandlerMapping     : Mapped "{[/configprops || /configprops.json],methods=[GET],produces=[application/vnd.spring-boot.actuator.v1+json || application/json]}" onto public java.lang.Object org.springframework.boot.actuate.endpoint.mvc.EndpointMvcAdapter.invoke()
2017-05-26 18:13:07.972  INFO 16528 --- [    Test worker] o.s.b.a.e.mvc.EndpointHandlerMapping     : Mapped "{[/env/{name:.*}],methods=[GET],produces=[application/vnd.spring-boot.actuator.v1+json || application/json]}" onto public java.lang.Object org.springframework.boot.actuate.endpoint.mvc.EnvironmentMvcEndpoint.value(java.lang.String)
2017-05-26 18:13:07.972  INFO 16528 --- [    Test worker] o.s.b.a.e.mvc.EndpointHandlerMapping     : Mapped "{[/env || /env.json],methods=[GET],produces=[application/vnd.spring-boot.actuator.v1+json || application/json]}" onto public java.lang.Object org.springframework.boot.actuate.endpoint.mvc.EndpointMvcAdapter.invoke()
2017-05-26 18:13:07.973  INFO 16528 --- [    Test worker] o.s.b.a.e.mvc.EndpointHandlerMapping     : Mapped "{[/mappings || /mappings.json],methods=[GET],produces=[application/vnd.spring-boot.actuator.v1+json || application/json]}" onto public java.lang.Object org.springframework.boot.actuate.endpoint.mvc.EndpointMvcAdapter.invoke()
2017-05-26 18:13:07.973  INFO 16528 --- [    Test worker] o.s.b.a.e.mvc.EndpointHandlerMapping     : Mapped "{[/metrics/{name:.*}],methods=[GET],produces=[application/vnd.spring-boot.actuator.v1+json || application/json]}" onto public java.lang.Object org.springframework.boot.actuate.endpoint.mvc.MetricsMvcEndpoint.value(java.lang.String)
2017-05-26 18:13:07.973  INFO 16528 --- [    Test worker] o.s.b.a.e.mvc.EndpointHandlerMapping     : Mapped "{[/metrics || /metrics.json],methods=[GET],produces=[application/vnd.spring-boot.actuator.v1+json || application/json]}" onto public java.lang.Object org.springframework.boot.actuate.endpoint.mvc.EndpointMvcAdapter.invoke()
2017-05-26 18:13:07.974  INFO 16528 --- [    Test worker] o.s.b.a.e.mvc.EndpointHandlerMapping     : Mapped "{[/beans || /beans.json],methods=[GET],produces=[application/vnd.spring-boot.actuator.v1+json || application/json]}" onto public java.lang.Object org.springframework.boot.actuate.endpoint.mvc.EndpointMvcAdapter.invoke()
2017-05-26 18:13:07.980  INFO 16528 --- [    Test worker] o.s.b.a.e.mvc.EndpointHandlerMapping     : Mapped "{[/auditevents || /auditevents.json],methods=[GET],produces=[application/vnd.spring-boot.actuator.v1+json || application/json]}" onto public org.springframework.http.ResponseEntity<?> org.springframework.boot.actuate.endpoint.mvc.AuditEventsMvcEndpoint.findByPrincipalAndAfterAndType(java.lang.String,java.util.Date,java.lang.String)
2017-05-26 18:13:07.980  INFO 16528 --- [    Test worker] o.s.b.a.e.mvc.EndpointHandlerMapping     : Mapped "{[/info || /info.json],methods=[GET],produces=[application/vnd.spring-boot.actuator.v1+json || application/json]}" onto public java.lang.Object org.springframework.boot.actuate.endpoint.mvc.EndpointMvcAdapter.invoke()
2017-05-26 18:13:07.981  INFO 16528 --- [    Test worker] o.s.b.a.e.mvc.EndpointHandlerMapping     : Mapped "{[/trace || /trace.json],methods=[GET],produces=[application/vnd.spring-boot.actuator.v1+json || application/json]}" onto public java.lang.Object org.springframework.boot.actuate.endpoint.mvc.EndpointMvcAdapter.invoke()
2017-05-26 18:13:07.981  INFO 16528 --- [    Test worker] o.s.b.a.e.mvc.EndpointHandlerMapping     : Mapped "{[/autoconfig || /autoconfig.json],methods=[GET],produces=[application/vnd.spring-boot.actuator.v1+json || application/json]}" onto public java.lang.Object org.springframework.boot.actuate.endpoint.mvc.EndpointMvcAdapter.invoke()
2017-05-26 18:13:07.982  INFO 16528 --- [    Test worker] o.s.b.a.e.mvc.EndpointHandlerMapping     : Mapped "{[/loggers/{name:.*}],methods=[GET],produces=[application/vnd.spring-boot.actuator.v1+json || application/json]}" onto public java.lang.Object org.springframework.boot.actuate.endpoint.mvc.LoggersMvcEndpoint.get(java.lang.String)
2017-05-26 18:13:07.982  INFO 16528 --- [    Test worker] o.s.b.a.e.mvc.EndpointHandlerMapping     : Mapped "{[/loggers/{name:.*}],methods=[POST],consumes=[application/vnd.spring-boot.actuator.v1+json || application/json],produces=[application/vnd.spring-boot.actuator.v1+json || application/json]}" onto public java.lang.Object org.springframework.boot.actuate.endpoint.mvc.LoggersMvcEndpoint.set(java.lang.String,java.util.Map<java.lang.String, java.lang.String>)
2017-05-26 18:13:07.982  INFO 16528 --- [    Test worker] o.s.b.a.e.mvc.EndpointHandlerMapping     : Mapped "{[/loggers || /loggers.json],methods=[GET],produces=[application/vnd.spring-boot.actuator.v1+json || application/json]}" onto public java.lang.Object org.springframework.boot.actuate.endpoint.mvc.EndpointMvcAdapter.invoke()
2017-05-26 18:13:07.983  INFO 16528 --- [    Test worker] o.s.b.a.e.mvc.EndpointHandlerMapping     : Mapped "{[/shutdown || /shutdown.json],methods=[POST],produces=[application/vnd.spring-boot.actuator.v1+json || application/json]}" onto public java.lang.Object org.springframework.boot.actuate.endpoint.mvc.ShutdownMvcEndpoint.invoke()
2017-05-26 18:13:07.983  INFO 16528 --- [    Test worker] o.s.b.a.e.mvc.EndpointHandlerMapping     : Mapped "{[/dump || /dump.json],methods=[GET],produces=[application/vnd.spring-boot.actuator.v1+json || application/json]}" onto public java.lang.Object org.springframework.boot.actuate.endpoint.mvc.EndpointMvcAdapter.invoke()
2017-05-26 18:13:07.991  INFO 16528 --- [    Test worker] s.w.s.m.m.a.RequestMappingHandlerMapping : Mapped "{[/error]}" onto public java.util.Map<java.lang.String, java.lang.Object> org.springframework.boot.actuate.endpoint.mvc.ManagementErrorEndpoint.invoke()
2017-05-26 18:13:07.997  INFO 16528 --- [    Test worker] o.s.w.s.handler.SimpleUrlHandlerMapping  : Mapped URL path [/webjars/**] onto handler of type [class org.springframework.web.servlet.resource.ResourceHttpRequestHandler]
2017-05-26 18:13:07.998  INFO 16528 --- [    Test worker] o.s.w.s.handler.SimpleUrlHandlerMapping  : Mapped URL path [/**] onto handler of type [class org.springframework.web.servlet.resource.ResourceHttpRequestHandler]
2017-05-26 18:13:08.014  INFO 16528 --- [    Test worker] s.w.s.m.m.a.RequestMappingHandlerAdapter : Looking for @ControllerAdvice: org.springframework.boot.context.embedded.AnnotationConfigEmbeddedWebApplicationContext@2d3c840f: startup date [Fri May 26 18:13:07 CST 2017]; parent: org.springframework.boot.context.embedded.AnnotationConfigEmbeddedWebApplicationContext@5c8b15d0
2017-05-26 18:13:08.085  INFO 16528 --- [    Test worker] s.b.c.e.t.TomcatEmbeddedServletContainer : Tomcat started on port(s): 59008 (http)
2017-05-26 18:13:08.100  INFO 16528 --- [    Test worker] s.b.c.e.t.TomcatEmbeddedServletContainer : Tomcat started on port(s): 59015 (http)
2017-05-26 18:13:08.101  INFO 16528 --- [    Test worker] gementPortSampleActuatorApplicationTests : Started ManagementPortSampleActuatorApplicationTests in 2.287 seconds (JVM running for 42.981)
2017-05-26 18:13:08.118  INFO 16528 --- [-auto-12-exec-1] o.a.c.c.C.[Tomcat].[localhost].[/]       : Initializing Spring FrameworkServlet 'dispatcherServlet'
2017-05-26 18:13:08.118  INFO 16528 --- [-auto-12-exec-1] o.s.web.servlet.DispatcherServlet        : FrameworkServlet 'dispatcherServlet': initialization started
2017-05-26 18:13:08.132  INFO 16528 --- [-auto-12-exec-1] o.s.web.servlet.DispatcherServlet        : FrameworkServlet 'dispatcherServlet': initialization completed in 14 ms
2017-05-26 18:13:08.168  INFO 16528 --- [-auto-11-exec-2] o.a.c.c.C.[Tomcat-1].[localhost].[/]     : Initializing Spring FrameworkServlet 'dispatcherServlet'
2017-05-26 18:13:08.168  INFO 16528 --- [-auto-11-exec-2] o.s.web.servlet.DispatcherServlet        : FrameworkServlet 'dispatcherServlet': initialization started
2017-05-26 18:13:08.169  INFO 16528 --- [-auto-11-exec-2] o.s.web.servlet.DispatcherServlet        : FrameworkServlet 'dispatcherServlet': initialization completed in 1 ms
2017-05-26 18:13:08.221  INFO 16528 --- [    Test worker] ationConfigEmbeddedWebApplicationContext : Closing org.springframework.boot.context.embedded.AnnotationConfigEmbeddedWebApplicationContext@5c8b15d0: startup date [Fri May 26 18:13:05 CST 2017]; root of context hierarchy
2017-05-26 18:13:08.222  INFO 16528 --- [    Test worker] ationConfigEmbeddedWebApplicationContext : Closing org.springframework.boot.context.embedded.AnnotationConfigEmbeddedWebApplicationContext@2d3c840f: startup date [Fri May 26 18:13:07 CST 2017]; parent: org.springframework.boot.context.embedded.AnnotationConfigEmbeddedWebApplicationContext@5c8b15d0
]]></system-out>
  <system-err><![CDATA[]]></system-err>
</testsuite>
