<?xml version="1.0" encoding="UTF-8"?>
<testsuite name="sample.actuator.EndpointsPropertiesSampleActuatorApplicationTests" tests="2" skipped="0" failures="0" errors="0" timestamp="2017-05-26T10:12:42" hostname="Tony-PC" time="3.564">
  <properties/>
  <testcase name="testCustomContextPath" classname="sample.actuator.EndpointsPropertiesSampleActuatorApplicationTests" time="3.227"/>
  <testcase name="testCustomErrorPath" classname="sample.actuator.EndpointsPropertiesSampleActuatorApplicationTests" time="0.336"/>
  <system-out><![CDATA[2017-05-26 18:12:29.545  INFO   --- [    Test worker] .b.t.c.SpringBootTestContextBootstrapper : Neither @ContextConfiguration nor @ContextHierarchy found for test class [sample.actuator.EndpointsPropertiesSampleActuatorApplicationTests], using SpringBootContextLoader
2017-05-26 18:12:29.561  INFO   --- [    Test worker] o.s.t.c.support.AbstractContextLoader    : Could not detect default resource locations for test class [sample.actuator.EndpointsPropertiesSampleActuatorApplicationTests]: no resource found for suffixes {-context.xml, Context.groovy}.
2017-05-26 18:12:29.571  INFO   --- [    Test worker] t.c.s.AnnotationConfigContextLoaderUtils : Could not detect default configuration classes for test class [sample.actuator.EndpointsPropertiesSampleActuatorApplicationTests]: EndpointsPropertiesSampleActuatorApplicationTests does not declare any static, non-private, non-final, nested classes annotated with @Configuration.
2017-05-26 18:12:29.839  INFO   --- [    Test worker] .b.t.c.SpringBootTestContextBootstrapper : Found @SpringBootConfiguration sample.actuator.SampleActuatorApplication for test class sample.actuator.EndpointsPropertiesSampleActuatorApplicationTests
2017-05-26 18:12:29.847  INFO   --- [    Test worker] .b.t.c.SpringBootTestContextBootstrapper : Loaded default TestExecutionListener class names from location [META-INF/spring.factories]: [org.springframework.boot.test.mock.mockito.MockitoTestExecutionListener, org.springframework.boot.test.mock.mockito.ResetMocksTestExecutionListener, org.springframework.boot.test.autoconfigure.restdocs.RestDocsTestExecutionListener, org.springframework.boot.test.autoconfigure.web.client.MockRestServiceServerResetTestExecutionListener, org.springframework.boot.test.autoconfigure.web.servlet.MockMvcPrintOnlyOnFailureTestExecutionListener, org.springframework.boot.test.autoconfigure.web.servlet.WebDriverTestExecutionListener, org.springframework.test.context.web.ServletTestExecutionListener, org.springframework.test.context.support.DirtiesContextBeforeModesTestExecutionListener, org.springframework.test.context.support.DependencyInjectionTestExecutionListener, org.springframework.test.context.support.DirtiesContextTestExecutionListener, org.springframework.test.context.transaction.TransactionalTestExecutionListener, org.springframework.test.context.jdbc.SqlScriptsTestExecutionListener]
2017-05-26 18:12:29.876  INFO   --- [    Test worker] .b.t.c.SpringBootTestContextBootstrapper : Using TestExecutionListeners: [org.springframework.test.context.web.ServletTestExecutionListener@507f1935, org.springframework.test.context.support.DirtiesContextBeforeModesTestExecutionListener@60508d1c, org.springframework.boot.test.autoconfigure.SpringBootDependencyInjectionTestExecutionListener@500c5561, org.springframework.test.context.support.DirtiesContextTestExecutionListener@71dcc23e, org.springframework.test.context.transaction.TransactionalTestExecutionListener@5942cb81, org.springframework.test.context.jdbc.SqlScriptsTestExecutionListener@3d9e95d8, org.springframework.boot.test.autoconfigure.web.client.MockRestServiceServerResetTestExecutionListener@f0b7857, org.springframework.boot.test.autoconfigure.web.servlet.WebDriverTestExecutionListener@185196ba, org.springframework.boot.test.mock.mockito.ResetMocksTestExecutionListener@570048f2, org.springframework.boot.test.mock.mockito.MockitoTestExecutionListener@1e79279f, org.springframework.boot.test.autoconfigure.restdocs.RestDocsTestExecutionListener@4a642dc7, org.springframework.boot.test.autoconfigure.web.servlet.MockMvcPrintOnlyOnFailureTestExecutionListener@5e149677]

  .   ____          _            __ _ _
 /\\ / ___'_ __ _ _(_)_ __  __ _ \ \ \ \
( ( )\___ | '_ | '_| | '_ \/ _` | \ \ \ \
 \\/  ___)| |_)| | | | | || (_| |  ) ) ) )
  '  |____| .__|_| |_|_| |_\__, | / / / /
 =========|_|==============|___/=/_/_/_/
 :: Spring Boot ::        (v1.5.3.RELEASE)

2017-05-26 18:12:30.509  INFO 16528 --- [    Test worker] PropertiesSampleActuatorApplicationTests : Starting EndpointsPropertiesSampleActuatorApplicationTests on Tony-PC with PID 16528 (started by Tony in D:\eclipse-neon\workspace\spring-boot-samples\spring-boot-sample-actuator)
2017-05-26 18:12:30.510  INFO 16528 --- [    Test worker] PropertiesSampleActuatorApplicationTests : The following profiles are active: endpoints
2017-05-26 18:12:30.549  INFO 16528 --- [    Test worker] ationConfigEmbeddedWebApplicationContext : Refreshing org.springframework.boot.context.embedded.AnnotationConfigEmbeddedWebApplicationContext@fc7a7af: startup date [Fri May 26 18:12:30 CST 2017]; root of context hierarchy
2017-05-26 18:12:35.068  INFO 16528 --- [    Test worker] s.b.c.e.t.TomcatEmbeddedServletContainer : Tomcat initialized with port(s): 0 (http)
2017-05-26 18:12:35.095  INFO 16528 --- [    Test worker] o.apache.catalina.core.StandardService   : Starting service Tomcat
2017-05-26 18:12:35.097  INFO 16528 --- [    Test worker] org.apache.catalina.core.StandardEngine  : Starting Servlet Engine: Apache Tomcat/8.5.14
2017-05-26 18:12:35.302  INFO 16528 --- [ost-startStop-1] o.a.c.c.C.[Tomcat].[localhost].[/]       : Initializing Spring embedded WebApplicationContext
2017-05-26 18:12:35.373  INFO 16528 --- [ost-startStop-1] o.s.web.context.ContextLoader            : Root WebApplicationContext: initialization completed in 4827 ms
2017-05-26 18:12:36.087  INFO 16528 --- [ost-startStop-1] o.s.b.w.servlet.FilterRegistrationBean   : Mapping filter: 'metricsFilter' to: [/*]
2017-05-26 18:12:36.091  INFO 16528 --- [ost-startStop-1] o.s.b.w.servlet.FilterRegistrationBean   : Mapping filter: 'characterEncodingFilter' to: [/*]
2017-05-26 18:12:36.092  INFO 16528 --- [ost-startStop-1] o.s.b.w.servlet.FilterRegistrationBean   : Mapping filter: 'hiddenHttpMethodFilter' to: [/*]
2017-05-26 18:12:36.128  INFO 16528 --- [ost-startStop-1] o.s.b.w.servlet.FilterRegistrationBean   : Mapping filter: 'httpPutFormContentFilter' to: [/*]
2017-05-26 18:12:36.148  INFO 16528 --- [ost-startStop-1] o.s.b.w.servlet.FilterRegistrationBean   : Mapping filter: 'requestContextFilter' to: [/*]
2017-05-26 18:12:36.149  INFO 16528 --- [ost-startStop-1] .s.DelegatingFilterProxyRegistrationBean : Mapping filter: 'springSecurityFilterChain' to: [/*]
2017-05-26 18:12:36.150  INFO 16528 --- [ost-startStop-1] o.s.b.w.servlet.FilterRegistrationBean   : Mapping filter: 'webRequestLoggingFilter' to: [/*]
2017-05-26 18:12:36.150  INFO 16528 --- [ost-startStop-1] o.s.b.w.servlet.FilterRegistrationBean   : Mapping filter: 'applicationContextIdFilter' to: [/*]
2017-05-26 18:12:36.159  INFO 16528 --- [ost-startStop-1] o.s.b.w.servlet.ServletRegistrationBean  : Mapping servlet: 'dispatcherServlet' to [/]
2017-05-26 18:12:37.143  INFO 16528 --- [    Test worker] s.w.s.m.m.a.RequestMappingHandlerAdapter : Looking for @ControllerAdvice: org.springframework.boot.context.embedded.AnnotationConfigEmbeddedWebApplicationContext@fc7a7af: startup date [Fri May 26 18:12:30 CST 2017]; root of context hierarchy
2017-05-26 18:12:37.315  INFO 16528 --- [    Test worker] s.w.s.m.m.a.RequestMappingHandlerMapping : Mapped "{[/],methods=[POST]}" onto public java.util.Map<java.lang.String, java.lang.Object> sample.actuator.SampleController.olleh(sample.actuator.SampleController$Message)
2017-05-26 18:12:37.317  INFO 16528 --- [    Test worker] s.w.s.m.m.a.RequestMappingHandlerMapping : Mapped "{[/foo]}" onto public java.lang.String sample.actuator.SampleController.foo()
2017-05-26 18:12:37.323  INFO 16528 --- [    Test worker] s.w.s.m.m.a.RequestMappingHandlerMapping : Mapped "{[/],methods=[GET]}" onto public java.util.Map<java.lang.String, java.lang.String> sample.actuator.SampleController.hello()
2017-05-26 18:12:37.331  INFO 16528 --- [    Test worker] s.w.s.m.m.a.RequestMappingHandlerMapping : Mapped "{[/oops]}" onto public org.springframework.http.ResponseEntity<java.util.Map<java.lang.String, java.lang.Object>> org.springframework.boot.autoconfigure.web.BasicErrorController.error(javax.servlet.http.HttpServletRequest)
2017-05-26 18:12:37.345  INFO 16528 --- [    Test worker] s.w.s.m.m.a.RequestMappingHandlerMapping : Mapped "{[/oops],produces=[text/html]}" onto public org.springframework.web.servlet.ModelAndView org.springframework.boot.autoconfigure.web.BasicErrorController.errorHtml(javax.servlet.http.HttpServletRequest,javax.servlet.http.HttpServletResponse)
2017-05-26 18:12:37.410  INFO 16528 --- [    Test worker] o.s.w.s.handler.SimpleUrlHandlerMapping  : Mapped URL path [/webjars/**] onto handler of type [class org.springframework.web.servlet.resource.ResourceHttpRequestHandler]
2017-05-26 18:12:37.416  INFO 16528 --- [    Test worker] o.s.w.s.handler.SimpleUrlHandlerMapping  : Mapped URL path [/**] onto handler of type [class org.springframework.web.servlet.resource.ResourceHttpRequestHandler]
2017-05-26 18:12:37.499  INFO 16528 --- [    Test worker] o.s.w.s.handler.SimpleUrlHandlerMapping  : Mapped URL path [/**/favicon.ico] onto handler of type [class org.springframework.web.servlet.resource.ResourceHttpRequestHandler]
2017-05-26 18:12:38.731  INFO 16528 --- [    Test worker] b.a.s.AuthenticationManagerConfiguration : 

Using default security password: ec80ed44-e401-41db-a48d-055043c41f74

2017-05-26 18:12:38.895  INFO 16528 --- [    Test worker] o.s.s.web.DefaultSecurityFilterChain     : Creating filter chain: OrRequestMatcher [requestMatchers=[Ant [pattern='/css/**'], Ant [pattern='/js/**'], Ant [pattern='/images/**'], Ant [pattern='/webjars/**'], Ant [pattern='/**/favicon.ico'], Ant [pattern='/oops']]], []
2017-05-26 18:12:39.097  INFO 16528 --- [    Test worker] o.s.s.web.DefaultSecurityFilterChain     : Creating filter chain: Ant [pattern='/admin/**'], [org.springframework.security.web.context.request.async.WebAsyncManagerIntegrationFilter@6e0e9d9f, org.springframework.security.web.context.SecurityContextPersistenceFilter@8067740, org.springframework.security.web.header.HeaderWriterFilter@a24f0c5, org.springframework.security.web.authentication.logout.LogoutFilter@4a2f8c4b, org.springframework.security.web.authentication.www.BasicAuthenticationFilter@6c33ee76, org.springframework.security.web.savedrequest.RequestCacheAwareFilter@310f0489, org.springframework.security.web.servletapi.SecurityContextHolderAwareRequestFilter@11accd0f, org.springframework.security.web.authentication.AnonymousAuthenticationFilter@1d3d9e76, org.springframework.security.web.session.SessionManagementFilter@2e413dd7, org.springframework.security.web.access.ExceptionTranslationFilter@cc680d2, org.springframework.security.web.access.intercept.FilterSecurityInterceptor@14449281]
2017-05-26 18:12:39.109  INFO 16528 --- [    Test worker] o.s.s.web.DefaultSecurityFilterChain     : Creating filter chain: OrRequestMatcher [requestMatchers=[Ant [pattern='/**']]], [org.springframework.security.web.context.request.async.WebAsyncManagerIntegrationFilter@fc321f3, org.springframework.security.web.context.SecurityContextPersistenceFilter@679910c7, org.springframework.security.web.header.HeaderWriterFilter@416c60ea, org.springframework.security.web.authentication.logout.LogoutFilter@47174d2b, org.springframework.security.web.authentication.www.BasicAuthenticationFilter@68277226, org.springframework.security.web.savedrequest.RequestCacheAwareFilter@30ff672a, org.springframework.security.web.servletapi.SecurityContextHolderAwareRequestFilter@12363aef, org.springframework.security.web.authentication.AnonymousAuthenticationFilter@4330bfae, org.springframework.security.web.session.SessionManagementFilter@35bc0913, org.springframework.security.web.access.ExceptionTranslationFilter@6867fac4, org.springframework.security.web.access.intercept.FilterSecurityInterceptor@2350f198]
2017-05-26 18:12:40.511  INFO 16528 --- [    Test worker] o.s.b.a.e.mvc.EndpointHandlerMapping     : Mapped "{[/admin/env/{name:.*}],methods=[GET],produces=[application/vnd.spring-boot.actuator.v1+json || application/json]}" onto public java.lang.Object org.springframework.boot.actuate.endpoint.mvc.EnvironmentMvcEndpoint.value(java.lang.String)
2017-05-26 18:12:40.519  INFO 16528 --- [    Test worker] o.s.b.a.e.mvc.EndpointHandlerMapping     : Mapped "{[/admin/env || /admin/env.json],methods=[GET],produces=[application/vnd.spring-boot.actuator.v1+json || application/json]}" onto public java.lang.Object org.springframework.boot.actuate.endpoint.mvc.EndpointMvcAdapter.invoke()
2017-05-26 18:12:40.526  INFO 16528 --- [    Test worker] o.s.b.a.e.mvc.EndpointHandlerMapping     : Mapped "{[/admin/info || /admin/info.json],methods=[GET],produces=[application/vnd.spring-boot.actuator.v1+json || application/json]}" onto public java.lang.Object org.springframework.boot.actuate.endpoint.mvc.EndpointMvcAdapter.invoke()
2017-05-26 18:12:40.527  INFO 16528 --- [    Test worker] o.s.b.a.e.mvc.EndpointHandlerMapping     : Mapped "{[/admin/autoconfig || /admin/autoconfig.json],methods=[GET],produces=[application/vnd.spring-boot.actuator.v1+json || application/json]}" onto public java.lang.Object org.springframework.boot.actuate.endpoint.mvc.EndpointMvcAdapter.invoke()
2017-05-26 18:12:40.534  INFO 16528 --- [    Test worker] o.s.b.a.e.mvc.EndpointHandlerMapping     : Mapped "{[/admin/shutdown || /admin/shutdown.json],methods=[POST],produces=[application/vnd.spring-boot.actuator.v1+json || application/json]}" onto public java.lang.Object org.springframework.boot.actuate.endpoint.mvc.ShutdownMvcEndpoint.invoke()
2017-05-26 18:12:40.537  INFO 16528 --- [    Test worker] o.s.b.a.e.mvc.EndpointHandlerMapping     : Mapped "{[/admin/loggers/{name:.*}],methods=[GET],produces=[application/vnd.spring-boot.actuator.v1+json || application/json]}" onto public java.lang.Object org.springframework.boot.actuate.endpoint.mvc.LoggersMvcEndpoint.get(java.lang.String)
2017-05-26 18:12:40.543  INFO 16528 --- [    Test worker] o.s.b.a.e.mvc.EndpointHandlerMapping     : Mapped "{[/admin/loggers/{name:.*}],methods=[POST],consumes=[application/vnd.spring-boot.actuator.v1+json || application/json],produces=[application/vnd.spring-boot.actuator.v1+json || application/json]}" onto public java.lang.Object org.springframework.boot.actuate.endpoint.mvc.LoggersMvcEndpoint.set(java.lang.String,java.util.Map<java.lang.String, java.lang.String>)
2017-05-26 18:12:40.544  INFO 16528 --- [    Test worker] o.s.b.a.e.mvc.EndpointHandlerMapping     : Mapped "{[/admin/loggers || /admin/loggers.json],methods=[GET],produces=[application/vnd.spring-boot.actuator.v1+json || application/json]}" onto public java.lang.Object org.springframework.boot.actuate.endpoint.mvc.EndpointMvcAdapter.invoke()
2017-05-26 18:12:40.548  INFO 16528 --- [    Test worker] o.s.b.a.e.mvc.EndpointHandlerMapping     : Mapped "{[/admin/beans || /admin/beans.json],methods=[GET],produces=[application/vnd.spring-boot.actuator.v1+json || application/json]}" onto public java.lang.Object org.springframework.boot.actuate.endpoint.mvc.EndpointMvcAdapter.invoke()
2017-05-26 18:12:40.549  INFO 16528 --- [    Test worker] o.s.b.a.e.mvc.EndpointHandlerMapping     : Mapped "{[/admin/dump || /admin/dump.json],methods=[GET],produces=[application/vnd.spring-boot.actuator.v1+json || application/json]}" onto public java.lang.Object org.springframework.boot.actuate.endpoint.mvc.EndpointMvcAdapter.invoke()
2017-05-26 18:12:40.557  INFO 16528 --- [    Test worker] o.s.b.a.e.mvc.EndpointHandlerMapping     : Mapped "{[/admin/metrics/{name:.*}],methods=[GET],produces=[application/vnd.spring-boot.actuator.v1+json || application/json]}" onto public java.lang.Object org.springframework.boot.actuate.endpoint.mvc.MetricsMvcEndpoint.value(java.lang.String)
2017-05-26 18:12:40.559  INFO 16528 --- [    Test worker] o.s.b.a.e.mvc.EndpointHandlerMapping     : Mapped "{[/admin/metrics || /admin/metrics.json],methods=[GET],produces=[application/vnd.spring-boot.actuator.v1+json || application/json]}" onto public java.lang.Object org.springframework.boot.actuate.endpoint.mvc.EndpointMvcAdapter.invoke()
2017-05-26 18:12:40.561  INFO 16528 --- [    Test worker] o.s.b.a.e.mvc.EndpointHandlerMapping     : Mapped "{[/admin/auditevents || /admin/auditevents.json],methods=[GET],produces=[application/vnd.spring-boot.actuator.v1+json || application/json]}" onto public org.springframework.http.ResponseEntity<?> org.springframework.boot.actuate.endpoint.mvc.AuditEventsMvcEndpoint.findByPrincipalAndAfterAndType(java.lang.String,java.util.Date,java.lang.String)
2017-05-26 18:12:40.566  INFO 16528 --- [    Test worker] o.s.b.a.e.mvc.EndpointHandlerMapping     : Mapped "{[/admin/configprops || /admin/configprops.json],methods=[GET],produces=[application/vnd.spring-boot.actuator.v1+json || application/json]}" onto public java.lang.Object org.springframework.boot.actuate.endpoint.mvc.EndpointMvcAdapter.invoke()
2017-05-26 18:12:40.567  INFO 16528 --- [    Test worker] o.s.b.a.e.mvc.EndpointHandlerMapping     : Mapped "{[/admin/heapdump || /admin/heapdump.json],methods=[GET],produces=[application/octet-stream]}" onto public void org.springframework.boot.actuate.endpoint.mvc.HeapdumpMvcEndpoint.invoke(boolean,javax.servlet.http.HttpServletRequest,javax.servlet.http.HttpServletResponse) throws java.io.IOException,javax.servlet.ServletException
2017-05-26 18:12:40.569  INFO 16528 --- [    Test worker] o.s.b.a.e.mvc.EndpointHandlerMapping     : Mapped "{[/admin/mappings || /admin/mappings.json],methods=[GET],produces=[application/vnd.spring-boot.actuator.v1+json || application/json]}" onto public java.lang.Object org.springframework.boot.actuate.endpoint.mvc.EndpointMvcAdapter.invoke()
2017-05-26 18:12:40.571  INFO 16528 --- [    Test worker] o.s.b.a.e.mvc.EndpointHandlerMapping     : Mapped "{[/admin/trace || /admin/trace.json],methods=[GET],produces=[application/vnd.spring-boot.actuator.v1+json || application/json]}" onto public java.lang.Object org.springframework.boot.actuate.endpoint.mvc.EndpointMvcAdapter.invoke()
2017-05-26 18:12:40.573  INFO 16528 --- [    Test worker] o.s.b.a.e.mvc.EndpointHandlerMapping     : Mapped "{[/admin/health || /admin/health.json],methods=[GET],produces=[application/vnd.spring-boot.actuator.v1+json || application/json]}" onto public java.lang.Object org.springframework.boot.actuate.endpoint.mvc.HealthMvcEndpoint.invoke(javax.servlet.http.HttpServletRequest,java.security.Principal)
2017-05-26 18:12:42.445  INFO 16528 --- [    Test worker] s.b.c.e.t.TomcatEmbeddedServletContainer : Tomcat started on port(s): 58898 (http)
2017-05-26 18:12:42.513  INFO 16528 --- [    Test worker] PropertiesSampleActuatorApplicationTests : Started EndpointsPropertiesSampleActuatorApplicationTests in 12.468 seconds (JVM running for 17.395)
2017-05-26 18:12:44.880  INFO 16528 --- [o-auto-1-exec-4] o.a.c.c.C.[Tomcat].[localhost].[/]       : Initializing Spring FrameworkServlet 'dispatcherServlet'
2017-05-26 18:12:44.887  INFO 16528 --- [o-auto-1-exec-4] o.s.web.servlet.DispatcherServlet        : FrameworkServlet 'dispatcherServlet': initialization started
2017-05-26 18:12:44.958  INFO 16528 --- [o-auto-1-exec-4] o.s.web.servlet.DispatcherServlet        : FrameworkServlet 'dispatcherServlet': initialization completed in 52 ms
2017-05-26 18:12:46.095  INFO 16528 --- [    Test worker] ationConfigEmbeddedWebApplicationContext : Closing org.springframework.boot.context.embedded.AnnotationConfigEmbeddedWebApplicationContext@fc7a7af: startup date [Fri May 26 18:12:30 CST 2017]; root of context hierarchy
]]></system-out>
  <system-err><![CDATA[]]></system-err>
</testsuite>
