<?xml version="1.0" encoding="UTF-8"?>
<testsuite name="sample.actuator.NoManagementSampleActuatorApplicationTests" tests="2" skipped="0" failures="0" errors="0" timestamp="2017-05-26T10:13:10" hostname="Tony-PC" time="0.071">
  <properties/>
  <testcase name="testHome" classname="sample.actuator.NoManagementSampleActuatorApplicationTests" time="0.042"/>
  <testcase name="testMetricsNotAvailable" classname="sample.actuator.NoManagementSampleActuatorApplicationTests" time="0.028"/>
  <system-out><![CDATA[2017-05-26 18:13:08.498  INFO 16528 --- [    Test worker] .b.t.c.SpringBootTestContextBootstrapper : Neither @ContextConfiguration nor @ContextHierarchy found for test class [sample.actuator.NoManagementSampleActuatorApplicationTests], using SpringBootContextLoader
2017-05-26 18:13:08.498  INFO 16528 --- [    Test worker] o.s.t.c.support.AbstractContextLoader    : Could not detect default resource locations for test class [sample.actuator.NoManagementSampleActuatorApplicationTests]: no resource found for suffixes {-context.xml, Context.groovy}.
2017-05-26 18:13:08.498  INFO 16528 --- [    Test worker] t.c.s.AnnotationConfigContextLoaderUtils : Could not detect default configuration classes for test class [sample.actuator.NoManagementSampleActuatorApplicationTests]: NoManagementSampleActuatorApplicationTests does not declare any static, non-private, non-final, nested classes annotated with @Configuration.
2017-05-26 18:13:08.501  INFO 16528 --- [    Test worker] .b.t.c.SpringBootTestContextBootstrapper : Found @SpringBootConfiguration sample.actuator.SampleActuatorApplication for test class sample.actuator.NoManagementSampleActuatorApplicationTests
2017-05-26 18:13:08.503  INFO 16528 --- [    Test worker] .b.t.c.SpringBootTestContextBootstrapper : Loaded default TestExecutionListener class names from location [META-INF/spring.factories]: [org.springframework.boot.test.mock.mockito.MockitoTestExecutionListener, org.springframework.boot.test.mock.mockito.ResetMocksTestExecutionListener, org.springframework.boot.test.autoconfigure.restdocs.RestDocsTestExecutionListener, org.springframework.boot.test.autoconfigure.web.client.MockRestServiceServerResetTestExecutionListener, org.springframework.boot.test.autoconfigure.web.servlet.MockMvcPrintOnlyOnFailureTestExecutionListener, org.springframework.boot.test.autoconfigure.web.servlet.WebDriverTestExecutionListener, org.springframework.test.context.web.ServletTestExecutionListener, org.springframework.test.context.support.DirtiesContextBeforeModesTestExecutionListener, org.springframework.test.context.support.DependencyInjectionTestExecutionListener, org.springframework.test.context.support.DirtiesContextTestExecutionListener, org.springframework.test.context.transaction.TransactionalTestExecutionListener, org.springframework.test.context.jdbc.SqlScriptsTestExecutionListener]
2017-05-26 18:13:08.505  INFO 16528 --- [    Test worker] .b.t.c.SpringBootTestContextBootstrapper : Using TestExecutionListeners: [org.springframework.test.context.web.ServletTestExecutionListener@2d423bde, org.springframework.test.context.support.DirtiesContextBeforeModesTestExecutionListener@3c79209, org.springframework.boot.test.autoconfigure.SpringBootDependencyInjectionTestExecutionListener@64999205, org.springframework.test.context.support.DirtiesContextTestExecutionListener@273fab82, org.springframework.test.context.transaction.TransactionalTestExecutionListener@1b9fe870, org.springframework.test.context.jdbc.SqlScriptsTestExecutionListener@247776d0, org.springframework.boot.test.autoconfigure.web.client.MockRestServiceServerResetTestExecutionListener@c56c1e1, org.springframework.boot.test.autoconfigure.web.servlet.WebDriverTestExecutionListener@566f1852, org.springframework.boot.test.mock.mockito.ResetMocksTestExecutionListener@32d7a687, org.springframework.boot.test.mock.mockito.MockitoTestExecutionListener@2d8997fb, org.springframework.boot.test.autoconfigure.restdocs.RestDocsTestExecutionListener@176a1262, org.springframework.boot.test.autoconfigure.web.servlet.MockMvcPrintOnlyOnFailureTestExecutionListener@39e93555]

  .   ____          _            __ _ _
 /\\ / ___'_ __ _ _(_)_ __  __ _ \ \ \ \
( ( )\___ | '_ | '_| | '_ \/ _` | \ \ \ \
 \\/  ___)| |_)| | | | | || (_| |  ) ) ) )
  '  |____| .__|_| |_|_| |_\__, | / / / /
 =========|_|==============|___/=/_/_/_/
 :: Spring Boot ::        (v1.5.3.RELEASE)

2017-05-26 18:13:08.557  INFO 16528 --- [    Test worker] ManagementSampleActuatorApplicationTests : Starting NoManagementSampleActuatorApplicationTests on Tony-PC with PID 16528 (started by Tony in D:\eclipse-neon\workspace\spring-boot-samples\spring-boot-sample-actuator)
2017-05-26 18:13:08.557  INFO 16528 --- [    Test worker] ManagementSampleActuatorApplicationTests : No active profile set, falling back to default profiles: default
2017-05-26 18:13:08.559  INFO 16528 --- [    Test worker] ationConfigEmbeddedWebApplicationContext : Refreshing org.springframework.boot.context.embedded.AnnotationConfigEmbeddedWebApplicationContext@6c32cd97: startup date [Fri May 26 18:13:08 CST 2017]; root of context hierarchy
2017-05-26 18:13:09.086  INFO 16528 --- [    Test worker] s.b.c.e.t.TomcatEmbeddedServletContainer : Tomcat initialized with port(s): 0 (http)
2017-05-26 18:13:09.087  INFO 16528 --- [    Test worker] o.apache.catalina.core.StandardService   : Starting service Tomcat
2017-05-26 18:13:09.087  INFO 16528 --- [    Test worker] org.apache.catalina.core.StandardEngine  : Starting Servlet Engine: Apache Tomcat/8.5.14
2017-05-26 18:13:09.098  INFO 16528 --- [ost-startStop-1] o.a.c.c.C.[Tomcat].[localhost].[/]       : Initializing Spring embedded WebApplicationContext
2017-05-26 18:13:09.100  INFO 16528 --- [ost-startStop-1] o.s.web.context.ContextLoader            : Root WebApplicationContext: initialization completed in 541 ms
2017-05-26 18:13:09.319  INFO 16528 --- [ost-startStop-1] o.s.b.w.servlet.FilterRegistrationBean   : Mapping filter: 'metricsFilter' to: [/*]
2017-05-26 18:13:09.320  INFO 16528 --- [ost-startStop-1] o.s.b.w.servlet.FilterRegistrationBean   : Mapping filter: 'characterEncodingFilter' to: [/*]
2017-05-26 18:13:09.320  INFO 16528 --- [ost-startStop-1] o.s.b.w.servlet.FilterRegistrationBean   : Mapping filter: 'hiddenHttpMethodFilter' to: [/*]
2017-05-26 18:13:09.320  INFO 16528 --- [ost-startStop-1] o.s.b.w.servlet.FilterRegistrationBean   : Mapping filter: 'httpPutFormContentFilter' to: [/*]
2017-05-26 18:13:09.320  INFO 16528 --- [ost-startStop-1] o.s.b.w.servlet.FilterRegistrationBean   : Mapping filter: 'requestContextFilter' to: [/*]
2017-05-26 18:13:09.320  INFO 16528 --- [ost-startStop-1] .s.DelegatingFilterProxyRegistrationBean : Mapping filter: 'springSecurityFilterChain' to: [/*]
2017-05-26 18:13:09.320  INFO 16528 --- [ost-startStop-1] o.s.b.w.servlet.FilterRegistrationBean   : Mapping filter: 'webRequestLoggingFilter' to: [/*]
2017-05-26 18:13:09.320  INFO 16528 --- [ost-startStop-1] o.s.b.w.servlet.FilterRegistrationBean   : Mapping filter: 'applicationContextIdFilter' to: [/*]
2017-05-26 18:13:09.325  INFO 16528 --- [ost-startStop-1] o.s.b.w.servlet.ServletRegistrationBean  : Mapping servlet: 'dispatcherServlet' to [/]
2017-05-26 18:13:09.546  INFO 16528 --- [    Test worker] s.w.s.m.m.a.RequestMappingHandlerAdapter : Looking for @ControllerAdvice: org.springframework.boot.context.embedded.AnnotationConfigEmbeddedWebApplicationContext@6c32cd97: startup date [Fri May 26 18:13:08 CST 2017]; root of context hierarchy
2017-05-26 18:13:09.564  INFO 16528 --- [    Test worker] s.w.s.m.m.a.RequestMappingHandlerMapping : Mapped "{[/],methods=[POST]}" onto public java.util.Map<java.lang.String, java.lang.Object> sample.actuator.SampleController.olleh(sample.actuator.SampleController$Message)
2017-05-26 18:13:09.564  INFO 16528 --- [    Test worker] s.w.s.m.m.a.RequestMappingHandlerMapping : Mapped "{[/foo]}" onto public java.lang.String sample.actuator.SampleController.foo()
2017-05-26 18:13:09.564  INFO 16528 --- [    Test worker] s.w.s.m.m.a.RequestMappingHandlerMapping : Mapped "{[/],methods=[GET]}" onto public java.util.Map<java.lang.String, java.lang.String> sample.actuator.SampleController.hello()
2017-05-26 18:13:09.565  INFO 16528 --- [    Test worker] s.w.s.m.m.a.RequestMappingHandlerMapping : Mapped "{[/error]}" onto public org.springframework.http.ResponseEntity<java.util.Map<java.lang.String, java.lang.Object>> org.springframework.boot.autoconfigure.web.BasicErrorController.error(javax.servlet.http.HttpServletRequest)
2017-05-26 18:13:09.566  INFO 16528 --- [    Test worker] s.w.s.m.m.a.RequestMappingHandlerMapping : Mapped "{[/error],produces=[text/html]}" onto public org.springframework.web.servlet.ModelAndView org.springframework.boot.autoconfigure.web.BasicErrorController.errorHtml(javax.servlet.http.HttpServletRequest,javax.servlet.http.HttpServletResponse)
2017-05-26 18:13:09.590  INFO 16528 --- [    Test worker] o.s.w.s.handler.SimpleUrlHandlerMapping  : Mapped URL path [/webjars/**] onto handler of type [class org.springframework.web.servlet.resource.ResourceHttpRequestHandler]
2017-05-26 18:13:09.590  INFO 16528 --- [    Test worker] o.s.w.s.handler.SimpleUrlHandlerMapping  : Mapped URL path [/**] onto handler of type [class org.springframework.web.servlet.resource.ResourceHttpRequestHandler]
2017-05-26 18:13:09.624  INFO 16528 --- [    Test worker] o.s.w.s.handler.SimpleUrlHandlerMapping  : Mapped URL path [/**/favicon.ico] onto handler of type [class org.springframework.web.servlet.resource.ResourceHttpRequestHandler]
2017-05-26 18:13:09.772  INFO 16528 --- [    Test worker] b.a.s.AuthenticationManagerConfiguration : 

Using default security password: b105c2c2-e063-4306-97cb-1209199efdad

2017-05-26 18:13:09.785  INFO 16528 --- [    Test worker] o.s.s.web.DefaultSecurityFilterChain     : Creating filter chain: OrRequestMatcher [requestMatchers=[Ant [pattern='/css/**'], Ant [pattern='/js/**'], Ant [pattern='/images/**'], Ant [pattern='/webjars/**'], Ant [pattern='/**/favicon.ico'], Ant [pattern='/error']]], []
2017-05-26 18:13:09.850  INFO 16528 --- [    Test worker] o.s.s.web.DefaultSecurityFilterChain     : Creating filter chain: org.springframework.boot.actuate.autoconfigure.ManagementWebSecurityAutoConfiguration$LazyEndpointPathRequestMatcher@11ae5a27, [org.springframework.security.web.context.request.async.WebAsyncManagerIntegrationFilter@3fc58ed, org.springframework.security.web.context.SecurityContextPersistenceFilter@3f754411, org.springframework.security.web.header.HeaderWriterFilter@27ade948, org.springframework.security.web.authentication.logout.LogoutFilter@3b783ff6, org.springframework.security.web.authentication.www.BasicAuthenticationFilter@2db59848, org.springframework.security.web.savedrequest.RequestCacheAwareFilter@10b38abb, org.springframework.security.web.servletapi.SecurityContextHolderAwareRequestFilter@581cc64c, org.springframework.security.web.authentication.AnonymousAuthenticationFilter@7a9644c4, org.springframework.security.web.session.SessionManagementFilter@fad954c, org.springframework.security.web.access.ExceptionTranslationFilter@5fee10f4, org.springframework.security.web.access.intercept.FilterSecurityInterceptor@3729c759]
2017-05-26 18:13:09.853  INFO 16528 --- [    Test worker] o.s.s.web.DefaultSecurityFilterChain     : Creating filter chain: OrRequestMatcher [requestMatchers=[Ant [pattern='/**']]], [org.springframework.security.web.context.request.async.WebAsyncManagerIntegrationFilter@11790640, org.springframework.security.web.context.SecurityContextPersistenceFilter@55f1709e, org.springframework.security.web.header.HeaderWriterFilter@3cfaabb1, org.springframework.security.web.authentication.logout.LogoutFilter@3fc6c86f, org.springframework.security.web.authentication.www.BasicAuthenticationFilter@61ed2a89, org.springframework.security.web.savedrequest.RequestCacheAwareFilter@505a18c0, org.springframework.security.web.servletapi.SecurityContextHolderAwareRequestFilter@39148659, org.springframework.security.web.authentication.AnonymousAuthenticationFilter@3bab9254, org.springframework.security.web.session.SessionManagementFilter@64fc5509, org.springframework.security.web.access.ExceptionTranslationFilter@7c4f3c3c, org.springframework.security.web.access.intercept.FilterSecurityInterceptor@7df73940]
2017-05-26 18:13:10.195  INFO 16528 --- [    Test worker] s.b.c.e.t.TomcatEmbeddedServletContainer : Tomcat started on port(s): 59026 (http)
2017-05-26 18:13:10.201  INFO 16528 --- [    Test worker] ManagementSampleActuatorApplicationTests : Started NoManagementSampleActuatorApplicationTests in 1.691 seconds (JVM running for 45.08)
2017-05-26 18:13:10.221  INFO 16528 --- [-auto-13-exec-2] o.a.c.c.C.[Tomcat].[localhost].[/]       : Initializing Spring FrameworkServlet 'dispatcherServlet'
2017-05-26 18:13:10.221  INFO 16528 --- [-auto-13-exec-2] o.s.web.servlet.DispatcherServlet        : FrameworkServlet 'dispatcherServlet': initialization started
2017-05-26 18:13:10.241  INFO 16528 --- [-auto-13-exec-2] o.s.web.servlet.DispatcherServlet        : FrameworkServlet 'dispatcherServlet': initialization completed in 20 ms
2017-05-26 18:13:10.280  INFO 16528 --- [    Test worker] ationConfigEmbeddedWebApplicationContext : Closing org.springframework.boot.context.embedded.AnnotationConfigEmbeddedWebApplicationContext@6c32cd97: startup date [Fri May 26 18:13:08 CST 2017]; root of context hierarchy
]]></system-out>
  <system-err><![CDATA[]]></system-err>
</testsuite>
