<?xml version="1.0" encoding="UTF-8"?>
<testsuite name="sample.actuator.ManagementPathSampleActuatorApplicationTests" tests="2" skipped="0" failures="0" errors="0" timestamp="2017-05-26T10:13:02" hostname="Tony-PC" time="0.058">
  <properties/>
  <testcase name="testHealth" classname="sample.actuator.ManagementPathSampleActuatorApplicationTests" time="0.042"/>
  <testcase name="testHomeIsSecure" classname="sample.actuator.ManagementPathSampleActuatorApplicationTests" time="0.015"/>
  <system-out><![CDATA[2017-05-26 18:13:00.977  INFO 16528 --- [    Test worker] .b.t.c.SpringBootTestContextBootstrapper : Neither @ContextConfiguration nor @ContextHierarchy found for test class [sample.actuator.ManagementPathSampleActuatorApplicationTests], using SpringBootContextLoader
2017-05-26 18:13:00.978  INFO 16528 --- [    Test worker] o.s.t.c.support.AbstractContextLoader    : Could not detect default resource locations for test class [sample.actuator.ManagementPathSampleActuatorApplicationTests]: no resource found for suffixes {-context.xml, Context.groovy}.
2017-05-26 18:13:00.978  INFO 16528 --- [    Test worker] t.c.s.AnnotationConfigContextLoaderUtils : Could not detect default configuration classes for test class [sample.actuator.ManagementPathSampleActuatorApplicationTests]: ManagementPathSampleActuatorApplicationTests does not declare any static, non-private, non-final, nested classes annotated with @Configuration.
2017-05-26 18:13:00.981  INFO 16528 --- [    Test worker] .b.t.c.SpringBootTestContextBootstrapper : Found @SpringBootConfiguration sample.actuator.SampleActuatorApplication for test class sample.actuator.ManagementPathSampleActuatorApplicationTests
2017-05-26 18:13:00.983  INFO 16528 --- [    Test worker] .b.t.c.SpringBootTestContextBootstrapper : Loaded default TestExecutionListener class names from location [META-INF/spring.factories]: [org.springframework.boot.test.mock.mockito.MockitoTestExecutionListener, org.springframework.boot.test.mock.mockito.ResetMocksTestExecutionListener, org.springframework.boot.test.autoconfigure.restdocs.RestDocsTestExecutionListener, org.springframework.boot.test.autoconfigure.web.client.MockRestServiceServerResetTestExecutionListener, org.springframework.boot.test.autoconfigure.web.servlet.MockMvcPrintOnlyOnFailureTestExecutionListener, org.springframework.boot.test.autoconfigure.web.servlet.WebDriverTestExecutionListener, org.springframework.test.context.web.ServletTestExecutionListener, org.springframework.test.context.support.DirtiesContextBeforeModesTestExecutionListener, org.springframework.test.context.support.DependencyInjectionTestExecutionListener, org.springframework.test.context.support.DirtiesContextTestExecutionListener, org.springframework.test.context.transaction.TransactionalTestExecutionListener, org.springframework.test.context.jdbc.SqlScriptsTestExecutionListener]
2017-05-26 18:13:00.985  INFO 16528 --- [    Test worker] .b.t.c.SpringBootTestContextBootstrapper : Using TestExecutionListeners: [org.springframework.test.context.web.ServletTestExecutionListener@4543572f, org.springframework.test.context.support.DirtiesContextBeforeModesTestExecutionListener@49a4b13c, org.springframework.boot.test.autoconfigure.SpringBootDependencyInjectionTestExecutionListener@5eedf72c, org.springframework.test.context.support.DirtiesContextTestExecutionListener@3730b977, org.springframework.test.context.transaction.TransactionalTestExecutionListener@68156a91, org.springframework.test.context.jdbc.SqlScriptsTestExecutionListener@4d40bfe, org.springframework.boot.test.autoconfigure.web.client.MockRestServiceServerResetTestExecutionListener@3531c8df, org.springframework.boot.test.autoconfigure.web.servlet.WebDriverTestExecutionListener@778240f, org.springframework.boot.test.mock.mockito.ResetMocksTestExecutionListener@447a8793, org.springframework.boot.test.mock.mockito.MockitoTestExecutionListener@6055ff19, org.springframework.boot.test.autoconfigure.restdocs.RestDocsTestExecutionListener@5b19a4fc, org.springframework.boot.test.autoconfigure.web.servlet.MockMvcPrintOnlyOnFailureTestExecutionListener@1d87bbcc]

  .   ____          _            __ _ _
 /\\ / ___'_ __ _ _(_)_ __  __ _ \ \ \ \
( ( )\___ | '_ | '_| | '_ \/ _` | \ \ \ \
 \\/  ___)| |_)| | | | | || (_| |  ) ) ) )
  '  |____| .__|_| |_|_| |_\__, | / / / /
 =========|_|==============|___/=/_/_/_/
 :: Spring Boot ::        (v1.5.3.RELEASE)

2017-05-26 18:13:01.043  INFO 16528 --- [    Test worker] gementPathSampleActuatorApplicationTests : Starting ManagementPathSampleActuatorApplicationTests on Tony-PC with PID 16528 (started by Tony in D:\eclipse-neon\workspace\spring-boot-samples\spring-boot-sample-actuator)
2017-05-26 18:13:01.043  INFO 16528 --- [    Test worker] gementPathSampleActuatorApplicationTests : No active profile set, falling back to default profiles: default
2017-05-26 18:13:01.046  INFO 16528 --- [    Test worker] ationConfigEmbeddedWebApplicationContext : Refreshing org.springframework.boot.context.embedded.AnnotationConfigEmbeddedWebApplicationContext@437a1de: startup date [Fri May 26 18:13:01 CST 2017]; root of context hierarchy
2017-05-26 18:13:01.597  INFO 16528 --- [    Test worker] s.b.c.e.t.TomcatEmbeddedServletContainer : Tomcat initialized with port(s): 0 (http)
2017-05-26 18:13:01.597  INFO 16528 --- [    Test worker] o.apache.catalina.core.StandardService   : Starting service Tomcat
2017-05-26 18:13:01.598  INFO 16528 --- [    Test worker] org.apache.catalina.core.StandardEngine  : Starting Servlet Engine: Apache Tomcat/8.5.14
2017-05-26 18:13:01.609  INFO 16528 --- [ost-startStop-1] o.a.c.c.C.[Tomcat].[localhost].[/]       : Initializing Spring embedded WebApplicationContext
2017-05-26 18:13:01.610  INFO 16528 --- [ost-startStop-1] o.s.web.context.ContextLoader            : Root WebApplicationContext: initialization completed in 564 ms
2017-05-26 18:13:01.775  INFO 16528 --- [ost-startStop-1] o.s.b.w.servlet.FilterRegistrationBean   : Mapping filter: 'metricsFilter' to: [/*]
2017-05-26 18:13:01.775  INFO 16528 --- [ost-startStop-1] o.s.b.w.servlet.FilterRegistrationBean   : Mapping filter: 'characterEncodingFilter' to: [/*]
2017-05-26 18:13:01.775  INFO 16528 --- [ost-startStop-1] o.s.b.w.servlet.FilterRegistrationBean   : Mapping filter: 'hiddenHttpMethodFilter' to: [/*]
2017-05-26 18:13:01.775  INFO 16528 --- [ost-startStop-1] o.s.b.w.servlet.FilterRegistrationBean   : Mapping filter: 'httpPutFormContentFilter' to: [/*]
2017-05-26 18:13:01.775  INFO 16528 --- [ost-startStop-1] o.s.b.w.servlet.FilterRegistrationBean   : Mapping filter: 'requestContextFilter' to: [/*]
2017-05-26 18:13:01.775  INFO 16528 --- [ost-startStop-1] .s.DelegatingFilterProxyRegistrationBean : Mapping filter: 'springSecurityFilterChain' to: [/*]
2017-05-26 18:13:01.775  INFO 16528 --- [ost-startStop-1] o.s.b.w.servlet.FilterRegistrationBean   : Mapping filter: 'webRequestLoggingFilter' to: [/*]
2017-05-26 18:13:01.776  INFO 16528 --- [ost-startStop-1] o.s.b.w.servlet.FilterRegistrationBean   : Mapping filter: 'applicationContextIdFilter' to: [/*]
2017-05-26 18:13:01.781  INFO 16528 --- [ost-startStop-1] o.s.b.w.servlet.ServletRegistrationBean  : Mapping servlet: 'dispatcherServlet' to [/]
2017-05-26 18:13:02.043  INFO 16528 --- [    Test worker] s.w.s.m.m.a.RequestMappingHandlerAdapter : Looking for @ControllerAdvice: org.springframework.boot.context.embedded.AnnotationConfigEmbeddedWebApplicationContext@437a1de: startup date [Fri May 26 18:13:01 CST 2017]; root of context hierarchy
2017-05-26 18:13:02.060  INFO 16528 --- [    Test worker] s.w.s.m.m.a.RequestMappingHandlerMapping : Mapped "{[/],methods=[POST]}" onto public java.util.Map<java.lang.String, java.lang.Object> sample.actuator.SampleController.olleh(sample.actuator.SampleController$Message)
2017-05-26 18:13:02.061  INFO 16528 --- [    Test worker] s.w.s.m.m.a.RequestMappingHandlerMapping : Mapped "{[/foo]}" onto public java.lang.String sample.actuator.SampleController.foo()
2017-05-26 18:13:02.061  INFO 16528 --- [    Test worker] s.w.s.m.m.a.RequestMappingHandlerMapping : Mapped "{[/],methods=[GET]}" onto public java.util.Map<java.lang.String, java.lang.String> sample.actuator.SampleController.hello()
2017-05-26 18:13:02.062  INFO 16528 --- [    Test worker] s.w.s.m.m.a.RequestMappingHandlerMapping : Mapped "{[/error]}" onto public org.springframework.http.ResponseEntity<java.util.Map<java.lang.String, java.lang.Object>> org.springframework.boot.autoconfigure.web.BasicErrorController.error(javax.servlet.http.HttpServletRequest)
2017-05-26 18:13:02.062  INFO 16528 --- [    Test worker] s.w.s.m.m.a.RequestMappingHandlerMapping : Mapped "{[/error],produces=[text/html]}" onto public org.springframework.web.servlet.ModelAndView org.springframework.boot.autoconfigure.web.BasicErrorController.errorHtml(javax.servlet.http.HttpServletRequest,javax.servlet.http.HttpServletResponse)
2017-05-26 18:13:02.087  INFO 16528 --- [    Test worker] o.s.w.s.handler.SimpleUrlHandlerMapping  : Mapped URL path [/webjars/**] onto handler of type [class org.springframework.web.servlet.resource.ResourceHttpRequestHandler]
2017-05-26 18:13:02.087  INFO 16528 --- [    Test worker] o.s.w.s.handler.SimpleUrlHandlerMapping  : Mapped URL path [/**] onto handler of type [class org.springframework.web.servlet.resource.ResourceHttpRequestHandler]
2017-05-26 18:13:02.120  INFO 16528 --- [    Test worker] o.s.w.s.handler.SimpleUrlHandlerMapping  : Mapped URL path [/**/favicon.ico] onto handler of type [class org.springframework.web.servlet.resource.ResourceHttpRequestHandler]
2017-05-26 18:13:02.250  INFO 16528 --- [    Test worker] b.a.s.AuthenticationManagerConfiguration : 

Using default security password: ec7b218f-7ccf-4ccb-87eb-60808ed8c9f7

2017-05-26 18:13:02.260  INFO 16528 --- [    Test worker] o.s.s.web.DefaultSecurityFilterChain     : Creating filter chain: OrRequestMatcher [requestMatchers=[Ant [pattern='/css/**'], Ant [pattern='/js/**'], Ant [pattern='/images/**'], Ant [pattern='/webjars/**'], Ant [pattern='/**/favicon.ico'], Ant [pattern='/error']]], []
2017-05-26 18:13:02.317  INFO 16528 --- [    Test worker] o.s.s.web.DefaultSecurityFilterChain     : Creating filter chain: Ant [pattern='/admin/**'], [org.springframework.security.web.context.request.async.WebAsyncManagerIntegrationFilter@2f369b72, org.springframework.security.web.context.SecurityContextPersistenceFilter@13959af1, org.springframework.security.web.header.HeaderWriterFilter@6ce243a2, org.springframework.security.web.authentication.logout.LogoutFilter@4df1eea4, org.springframework.security.web.authentication.www.BasicAuthenticationFilter@f876481, org.springframework.security.web.savedrequest.RequestCacheAwareFilter@1571050d, org.springframework.security.web.servletapi.SecurityContextHolderAwareRequestFilter@6b70ab52, org.springframework.security.web.authentication.AnonymousAuthenticationFilter@4fc2d4be, org.springframework.security.web.session.SessionManagementFilter@409cc767, org.springframework.security.web.access.ExceptionTranslationFilter@695df7f1, org.springframework.security.web.access.intercept.FilterSecurityInterceptor@1a003681]
2017-05-26 18:13:02.319  INFO 16528 --- [    Test worker] o.s.s.web.DefaultSecurityFilterChain     : Creating filter chain: OrRequestMatcher [requestMatchers=[Ant [pattern='/**']]], [org.springframework.security.web.context.request.async.WebAsyncManagerIntegrationFilter@47692266, org.springframework.security.web.context.SecurityContextPersistenceFilter@62f30a4d, org.springframework.security.web.header.HeaderWriterFilter@3f61419, org.springframework.security.web.authentication.logout.LogoutFilter@462cb5b5, org.springframework.security.web.authentication.www.BasicAuthenticationFilter@3c777e5f, org.springframework.security.web.savedrequest.RequestCacheAwareFilter@6e8ce99c, org.springframework.security.web.servletapi.SecurityContextHolderAwareRequestFilter@5d697e88, org.springframework.security.web.authentication.AnonymousAuthenticationFilter@4c7d0873, org.springframework.security.web.session.SessionManagementFilter@6c2eee0e, org.springframework.security.web.access.ExceptionTranslationFilter@30d78493, org.springframework.security.web.access.intercept.FilterSecurityInterceptor@7959e50]
2017-05-26 18:13:02.597  INFO 16528 --- [    Test worker] o.s.b.a.e.mvc.EndpointHandlerMapping     : Mapped "{[/admin/configprops || /admin/configprops.json],methods=[GET],produces=[application/vnd.spring-boot.actuator.v1+json || application/json]}" onto public java.lang.Object org.springframework.boot.actuate.endpoint.mvc.EndpointMvcAdapter.invoke()
2017-05-26 18:13:02.603  INFO 16528 --- [    Test worker] o.s.b.a.e.mvc.EndpointHandlerMapping     : Mapped "{[/admin/autoconfig || /admin/autoconfig.json],methods=[GET],produces=[application/vnd.spring-boot.actuator.v1+json || application/json]}" onto public java.lang.Object org.springframework.boot.actuate.endpoint.mvc.EndpointMvcAdapter.invoke()
2017-05-26 18:13:02.609  INFO 16528 --- [    Test worker] o.s.b.a.e.mvc.EndpointHandlerMapping     : Mapped "{[/admin/loggers/{name:.*}],methods=[GET],produces=[application/vnd.spring-boot.actuator.v1+json || application/json]}" onto public java.lang.Object org.springframework.boot.actuate.endpoint.mvc.LoggersMvcEndpoint.get(java.lang.String)
2017-05-26 18:13:02.610  INFO 16528 --- [    Test worker] o.s.b.a.e.mvc.EndpointHandlerMapping     : Mapped "{[/admin/loggers/{name:.*}],methods=[POST],consumes=[application/vnd.spring-boot.actuator.v1+json || application/json],produces=[application/vnd.spring-boot.actuator.v1+json || application/json]}" onto public java.lang.Object org.springframework.boot.actuate.endpoint.mvc.LoggersMvcEndpoint.set(java.lang.String,java.util.Map<java.lang.String, java.lang.String>)
2017-05-26 18:13:02.610  INFO 16528 --- [    Test worker] o.s.b.a.e.mvc.EndpointHandlerMapping     : Mapped "{[/admin/loggers || /admin/loggers.json],methods=[GET],produces=[application/vnd.spring-boot.actuator.v1+json || application/json]}" onto public java.lang.Object org.springframework.boot.actuate.endpoint.mvc.EndpointMvcAdapter.invoke()
2017-05-26 18:13:02.611  INFO 16528 --- [    Test worker] o.s.b.a.e.mvc.EndpointHandlerMapping     : Mapped "{[/admin/beans || /admin/beans.json],methods=[GET],produces=[application/vnd.spring-boot.actuator.v1+json || application/json]}" onto public java.lang.Object org.springframework.boot.actuate.endpoint.mvc.EndpointMvcAdapter.invoke()
2017-05-26 18:13:02.611  INFO 16528 --- [    Test worker] o.s.b.a.e.mvc.EndpointHandlerMapping     : Mapped "{[/admin/trace || /admin/trace.json],methods=[GET],produces=[application/vnd.spring-boot.actuator.v1+json || application/json]}" onto public java.lang.Object org.springframework.boot.actuate.endpoint.mvc.EndpointMvcAdapter.invoke()
2017-05-26 18:13:02.612  INFO 16528 --- [    Test worker] o.s.b.a.e.mvc.EndpointHandlerMapping     : Mapped "{[/admin/info || /admin/info.json],methods=[GET],produces=[application/vnd.spring-boot.actuator.v1+json || application/json]}" onto public java.lang.Object org.springframework.boot.actuate.endpoint.mvc.EndpointMvcAdapter.invoke()
2017-05-26 18:13:02.613  INFO 16528 --- [    Test worker] o.s.b.a.e.mvc.EndpointHandlerMapping     : Mapped "{[/admin/heapdump || /admin/heapdump.json],methods=[GET],produces=[application/octet-stream]}" onto public void org.springframework.boot.actuate.endpoint.mvc.HeapdumpMvcEndpoint.invoke(boolean,javax.servlet.http.HttpServletRequest,javax.servlet.http.HttpServletResponse) throws java.io.IOException,javax.servlet.ServletException
2017-05-26 18:13:02.613  INFO 16528 --- [    Test worker] o.s.b.a.e.mvc.EndpointHandlerMapping     : Mapped "{[/admin/dump || /admin/dump.json],methods=[GET],produces=[application/vnd.spring-boot.actuator.v1+json || application/json]}" onto public java.lang.Object org.springframework.boot.actuate.endpoint.mvc.EndpointMvcAdapter.invoke()
2017-05-26 18:13:02.618  INFO 16528 --- [    Test worker] o.s.b.a.e.mvc.EndpointHandlerMapping     : Mapped "{[/admin/env/{name:.*}],methods=[GET],produces=[application/vnd.spring-boot.actuator.v1+json || application/json]}" onto public java.lang.Object org.springframework.boot.actuate.endpoint.mvc.EnvironmentMvcEndpoint.value(java.lang.String)
2017-05-26 18:13:02.619  INFO 16528 --- [    Test worker] o.s.b.a.e.mvc.EndpointHandlerMapping     : Mapped "{[/admin/env || /admin/env.json],methods=[GET],produces=[application/vnd.spring-boot.actuator.v1+json || application/json]}" onto public java.lang.Object org.springframework.boot.actuate.endpoint.mvc.EndpointMvcAdapter.invoke()
2017-05-26 18:13:02.619  INFO 16528 --- [    Test worker] o.s.b.a.e.mvc.EndpointHandlerMapping     : Mapped "{[/admin/mappings || /admin/mappings.json],methods=[GET],produces=[application/vnd.spring-boot.actuator.v1+json || application/json]}" onto public java.lang.Object org.springframework.boot.actuate.endpoint.mvc.EndpointMvcAdapter.invoke()
2017-05-26 18:13:02.620  INFO 16528 --- [    Test worker] o.s.b.a.e.mvc.EndpointHandlerMapping     : Mapped "{[/admin/auditevents || /admin/auditevents.json],methods=[GET],produces=[application/vnd.spring-boot.actuator.v1+json || application/json]}" onto public org.springframework.http.ResponseEntity<?> org.springframework.boot.actuate.endpoint.mvc.AuditEventsMvcEndpoint.findByPrincipalAndAfterAndType(java.lang.String,java.util.Date,java.lang.String)
2017-05-26 18:13:02.621  INFO 16528 --- [    Test worker] o.s.b.a.e.mvc.EndpointHandlerMapping     : Mapped "{[/admin/health || /admin/health.json],methods=[GET],produces=[application/vnd.spring-boot.actuator.v1+json || application/json]}" onto public java.lang.Object org.springframework.boot.actuate.endpoint.mvc.HealthMvcEndpoint.invoke(javax.servlet.http.HttpServletRequest,java.security.Principal)
2017-05-26 18:13:02.622  INFO 16528 --- [    Test worker] o.s.b.a.e.mvc.EndpointHandlerMapping     : Mapped "{[/admin/metrics/{name:.*}],methods=[GET],produces=[application/vnd.spring-boot.actuator.v1+json || application/json]}" onto public java.lang.Object org.springframework.boot.actuate.endpoint.mvc.MetricsMvcEndpoint.value(java.lang.String)
2017-05-26 18:13:02.622  INFO 16528 --- [    Test worker] o.s.b.a.e.mvc.EndpointHandlerMapping     : Mapped "{[/admin/metrics || /admin/metrics.json],methods=[GET],produces=[application/vnd.spring-boot.actuator.v1+json || application/json]}" onto public java.lang.Object org.springframework.boot.actuate.endpoint.mvc.EndpointMvcAdapter.invoke()
2017-05-26 18:13:02.623  INFO 16528 --- [    Test worker] o.s.b.a.e.mvc.EndpointHandlerMapping     : Mapped "{[/admin/shutdown || /admin/shutdown.json],methods=[POST],produces=[application/vnd.spring-boot.actuator.v1+json || application/json]}" onto public java.lang.Object org.springframework.boot.actuate.endpoint.mvc.ShutdownMvcEndpoint.invoke()
2017-05-26 18:13:02.819  INFO 16528 --- [    Test worker] s.b.c.e.t.TomcatEmbeddedServletContainer : Tomcat started on port(s): 58981 (http)
2017-05-26 18:13:02.821  INFO 16528 --- [    Test worker] gementPathSampleActuatorApplicationTests : Started ManagementPathSampleActuatorApplicationTests in 1.83 seconds (JVM running for 37.701)
2017-05-26 18:13:02.829  INFO 16528 --- [o-auto-8-exec-1] o.a.c.c.C.[Tomcat].[localhost].[/]       : Initializing Spring FrameworkServlet 'dispatcherServlet'
2017-05-26 18:13:02.829  INFO 16528 --- [o-auto-8-exec-1] o.s.web.servlet.DispatcherServlet        : FrameworkServlet 'dispatcherServlet': initialization started
2017-05-26 18:13:02.849  INFO 16528 --- [o-auto-8-exec-1] o.s.web.servlet.DispatcherServlet        : FrameworkServlet 'dispatcherServlet': initialization completed in 20 ms
2017-05-26 18:13:02.882  INFO 16528 --- [    Test worker] ationConfigEmbeddedWebApplicationContext : Closing org.springframework.boot.context.embedded.AnnotationConfigEmbeddedWebApplicationContext@437a1de: startup date [Fri May 26 18:13:01 CST 2017]; root of context hierarchy
]]></system-out>
  <system-err><![CDATA[]]></system-err>
</testsuite>
