<?xml version="1.0" encoding="UTF-8"?>
<testsuite name="sample.simple.SpringTestSampleSimpleApplicationTests" tests="1" skipped="0" failures="0" errors="0" timestamp="2017-05-26T10:12:26" hostname="Tony-PC" time="0.034">
  <properties/>
  <testcase name="testContextLoads" classname="sample.simple.SpringTestSampleSimpleApplicationTests" time="0.034"/>
  <system-out><![CDATA[2017-05-26 18:12:25.621  INFO 8868 --- [    Test worker] .b.t.c.SpringBootTestContextBootstrapper : Neither @ContextConfiguration nor @ContextHierarchy found for test class [sample.simple.SpringTestSampleSimpleApplicationTests], using SpringBootContextLoader
2017-05-26 18:12:25.623  INFO 8868 --- [    Test worker] o.s.t.c.support.AbstractContextLoader    : Could not detect default resource locations for test class [sample.simple.SpringTestSampleSimpleApplicationTests]: no resource found for suffixes {-context.xml, Context.groovy}.
2017-05-26 18:12:25.624  INFO 8868 --- [    Test worker] t.c.s.AnnotationConfigContextLoaderUtils : Could not detect default configuration classes for test class [sample.simple.SpringTestSampleSimpleApplicationTests]: SpringTestSampleSimpleApplicationTests does not declare any static, non-private, non-final, nested classes annotated with @Configuration.
2017-05-26 18:12:25.661  INFO 8868 --- [    Test worker] .b.t.c.SpringBootTestContextBootstrapper : Found @SpringBootConfiguration sample.simple.SampleSimpleApplication for test class sample.simple.SpringTestSampleSimpleApplicationTests
2017-05-26 18:12:25.667  INFO 8868 --- [    Test worker] .b.t.c.SpringBootTestContextBootstrapper : Loaded default TestExecutionListener class names from location [META-INF/spring.factories]: [org.springframework.boot.test.mock.mockito.MockitoTestExecutionListener, org.springframework.boot.test.mock.mockito.ResetMocksTestExecutionListener, org.springframework.boot.test.autoconfigure.restdocs.RestDocsTestExecutionListener, org.springframework.boot.test.autoconfigure.web.client.MockRestServiceServerResetTestExecutionListener, org.springframework.boot.test.autoconfigure.web.servlet.MockMvcPrintOnlyOnFailureTestExecutionListener, org.springframework.boot.test.autoconfigure.web.servlet.WebDriverTestExecutionListener, org.springframework.test.context.web.ServletTestExecutionListener, org.springframework.test.context.support.DirtiesContextBeforeModesTestExecutionListener, org.springframework.test.context.support.DependencyInjectionTestExecutionListener, org.springframework.test.context.support.DirtiesContextTestExecutionListener, org.springframework.test.context.transaction.TransactionalTestExecutionListener, org.springframework.test.context.jdbc.SqlScriptsTestExecutionListener]
2017-05-26 18:12:25.678  INFO 8868 --- [    Test worker] .b.t.c.SpringBootTestContextBootstrapper : Could not instantiate TestExecutionListener [org.springframework.test.context.web.ServletTestExecutionListener]. Specify custom listener classes or make the default listener classes (and their required dependencies) available. Offending class: [javax/servlet/ServletContext]
2017-05-26 18:12:25.679  INFO 8868 --- [    Test worker] .b.t.c.SpringBootTestContextBootstrapper : Could not instantiate TestExecutionListener [org.springframework.test.context.transaction.TransactionalTestExecutionListener]. Specify custom listener classes or make the default listener classes (and their required dependencies) available. Offending class: [org/springframework/transaction/interceptor/TransactionAttributeSource]
2017-05-26 18:12:25.680  INFO 8868 --- [    Test worker] .b.t.c.SpringBootTestContextBootstrapper : Could not instantiate TestExecutionListener [org.springframework.test.context.jdbc.SqlScriptsTestExecutionListener]. Specify custom listener classes or make the default listener classes (and their required dependencies) available. Offending class: [org/springframework/transaction/interceptor/TransactionAttribute]
2017-05-26 18:12:25.681  INFO 8868 --- [    Test worker] .b.t.c.SpringBootTestContextBootstrapper : Using TestExecutionListeners: [org.springframework.test.context.support.DirtiesContextBeforeModesTestExecutionListener@71827a39, org.springframework.boot.test.autoconfigure.SpringBootDependencyInjectionTestExecutionListener@28ce82ff, org.springframework.test.context.support.DirtiesContextTestExecutionListener@1845eee7, org.springframework.boot.test.autoconfigure.web.servlet.MockMvcPrintOnlyOnFailureTestExecutionListener@a40e9a, org.springframework.boot.test.mock.mockito.MockitoTestExecutionListener@6295ff05, org.springframework.boot.test.autoconfigure.restdocs.RestDocsTestExecutionListener@3e1040d2, org.springframework.boot.test.autoconfigure.web.client.MockRestServiceServerResetTestExecutionListener@915b321, org.springframework.boot.test.autoconfigure.web.servlet.WebDriverTestExecutionListener@2965ac47, org.springframework.boot.test.mock.mockito.ResetMocksTestExecutionListener@644513b9]

  .   ____          _            __ _ _
 /\\ / ___'_ __ _ _(_)_ __  __ _ \ \ \ \
( ( )\___ | '_ | '_| | '_ \/ _` | \ \ \ \
 \\/  ___)| |_)| | | | | || (_| |  ) ) ) )
  '  |____| .__|_| |_|_| |_\__, | / / / /
 =========|_|==============|___/=/_/_/_/
 :: Spring Boot ::        (v1.5.3.RELEASE)

2017-05-26 18:12:25.918  INFO 8868 --- [    Test worker] s.SpringTestSampleSimpleApplicationTests : Starting SpringTestSampleSimpleApplicationTests on Tony-PC with PID 8868 (started by Tony in D:\eclipse-neon\workspace\spring-boot-samples\spring-boot-sample-simple)
2017-05-26 18:12:25.934  INFO 8868 --- [    Test worker] s.SpringTestSampleSimpleApplicationTests : No active profile set, falling back to default profiles: default
2017-05-26 18:12:25.940  INFO 8868 --- [    Test worker] s.c.a.AnnotationConfigApplicationContext : Refreshing org.springframework.context.annotation.AnnotationConfigApplicationContext@692fa82b: startup date [Fri May 26 18:12:25 CST 2017]; root of context hierarchy
Hello World
2017-05-26 18:12:26.436  INFO 8868 --- [    Test worker] s.SpringTestSampleSimpleApplicationTests : Started SpringTestSampleSimpleApplicationTests in 0.701 seconds (JVM running for 5.747)
]]></system-out>
  <system-err><![CDATA[]]></system-err>
</testsuite>
