<?xml version="1.0" encoding="UTF-8"?>
<testsuite name="sample.simple.SampleSimpleApplicationTests" tests="1" skipped="0" failures="0" errors="0" timestamp="2017-05-26T10:12:22" hostname="Tony-PC" time="3.365">
  <properties/>
  <testcase name="testCommandLineOverrides" classname="sample.simple.SampleSimpleApplicationTests" time="3.365"/>
  <system-out><![CDATA[
  .   ____          _            __ _ _
 /\\ / ___'_ __ _ _(_)_ __  __ _ \ \ \ \
( ( )\___ | '_ | '_| | '_ \/ _` | \ \ \ \
 \\/  ___)| |_)| | | | | || (_| |  ) ) ) )
  '  |____| .__|_| |_|_| |_\__, | / / / /
 =========|_|==============|___/=/_/_/_/
 :: Spring Boot ::        (v1.5.3.RELEASE)

2017-05-26 18:12:23.956  INFO 8868 --- [    Test worker] sample.simple.SampleSimpleApplication    : Starting SampleSimpleApplication on Tony-PC with PID 8868 (started by Tony in D:\eclipse-neon\workspace\spring-boot-samples\spring-boot-sample-simple)
2017-05-26 18:12:23.960  INFO 8868 --- [    Test worker] sample.simple.SampleSimpleApplication    : No active profile set, falling back to default profiles: default
2017-05-26 18:12:24.043  INFO 8868 --- [    Test worker] s.c.a.AnnotationConfigApplicationContext : Refreshing org.springframework.context.annotation.AnnotationConfigApplicationContext@3a3be69: startup date [Fri May 26 18:12:24 CST 2017]; root of context hierarchy
2017-05-26 18:12:25.502  INFO 8868 --- [    Test worker] o.s.j.e.a.AnnotationMBeanExporter        : Registering beans for JMX exposure on startup
Hello Gordon
2017-05-26 18:12:25.524  INFO 8868 --- [    Test worker] sample.simple.SampleSimpleApplication    : Started SampleSimpleApplication in 2.823 seconds (JVM running for 4.835)
]]></system-out>
  <system-err><![CDATA[]]></system-err>
</testsuite>
